[32m[0327 14:35:38 @logger.py:90][0m Argv: FasterRCNN/train.py
[32m[0327 14:35:39 @train.py:465][0m Environment Information:
--------------------  -----------------------------------------------------------
Python                3.5.3 (default, Sep 27 2018, 17:25:39) [GCC 6.3.0 20170516]
Tensorpack            v0.9.3-2-g2b4ec72e-dirty
TensorFlow            1.13.1/b'v1.13.1-0-g6612da8'
TF Compiler Version   4.8.4
TF CUDA support       True
TF MKL support        False
Nvidia Driver         /usr/lib/x86_64-linux-gnu/libnvidia-ml.so.410.72
CUDA                  /usr/local/cuda-10.0/lib64/libcudart.so.10.0.130
CUDNN                 /usr/local/cuda-10.0/lib64/libcudnn.so.7.4.1
NCCL                  /usr/local/nccl2/lib/libnccl.so.2.3.4
CUDA_VISIBLE_DEVICES  None
GPU 0                 Tesla V100-SXM2-16GB
horovod               0.16.0
cv2                   4.0.0
msgpack               0.6.1
python-prctl          False
--------------------  -----------------------------------------------------------
[32m[0327 14:35:40 @config.py:281][0m Config: ------------------------------------------
{'BACKBONE': {'FREEZE_AFFINE': False,
              'FREEZE_AT': 2,
              'NORM': 'FreezeBN',
              'RESNET_NUM_BLOCKS': [3, 4, 6, 3],
              'STRIDE_1X1': False,
              'TF_PAD_MODE': False,
              'WEIGHTS': 'models/ImageNet-R50-AlignPadding.npz'},
 'CASCADE': {'BBOX_REG_WEIGHTS': [[10.0, 10.0, 5.0, 5.0], [20.0, 20.0, 10.0, 10.0],
                                  [30.0, 30.0, 15.0, 15.0]],
             'IOUS': [0.5, 0.6, 0.7]},
 'DATA': {'ABSOLUTE_COORD': True,
          'BASEDIR': 'Datasets/',
          'CLASS_NAMES': ['BG', '5', '7', '.', '0', '9', '8', '6', '2', '3', '1', '4', '"'],
          'DATAFRAME': 'data/frcnn_df.h5',
          'NUM_CATEGORY': 12,
          'NUM_CLASS': 13,
          'TEST': ('test',),
          'TRAIN': ('train',),
          'VAL': ('val',)},
 'FPN': {'ANCHOR_STRIDES': (4, 8, 16, 32, 64),
         'CASCADE': False,
         'FRCNN_CONV_HEAD_DIM': 256,
         'FRCNN_FC_HEAD_DIM': 1024,
         'FRCNN_HEAD_FUNC': 'fastrcnn_2fc_head',
         'MRCNN_HEAD_FUNC': 'maskrcnn_up4conv_head',
         'NORM': 'None',
         'NUM_CHANNEL': 256,
         'PROPOSAL_MODE': 'Level',
         'RESOLUTION_REQUIREMENT': 32},
 'FRCNN': {'BATCH_PER_IM': 256,
           'BBOX_REG_WEIGHTS': [10.0, 10.0, 5.0, 5.0],
           'FG_RATIO': 0.25,
           'FG_THRESH': 0.5},
 'MODE_FPN': False,
 'MODE_MASK': False,
 'MRCNN': {'HEAD_DIM': 256},
 'PREPROC': {'MAX_SIZE': 1024,
             'PIXEL_MEAN': [123.675, 116.28, 103.53],
             'PIXEL_STD': [58.395, 57.12, 57.375],
             'TEST_SHORT_EDGE_SIZE': 600,
             'TRAIN_SHORT_EDGE_SIZE': [600, 600]},
 'RPN': {'ANCHOR_RATIOS': (0.5, 1.0, 2.0),
         'ANCHOR_SIZES': (32, 64, 128, 256, 512),
         'ANCHOR_STRIDE': 16,
         'BATCH_PER_IM': 256,
         'CROWD_OVERLAP_THRESH': 9.99,
         'FG_RATIO': 0.5,
         'HEAD_DIM': 1024,
         'MIN_SIZE': 0,
         'NEGATIVE_ANCHOR_THRESH': 0.3,
         'NUM_ANCHOR': 15,
         'POSITIVE_ANCHOR_THRESH': 0.7,
         'PROPOSAL_NMS_THRESH': 0.7,
         'TEST_PER_LEVEL_NMS_TOPK': 1000,
         'TEST_POST_NMS_TOPK': 1000,
         'TEST_PRE_NMS_TOPK': 6000,
         'TRAIN_PER_LEVEL_NMS_TOPK': 2000,
         'TRAIN_POST_NMS_TOPK': 2000,
         'TRAIN_PRE_NMS_TOPK': 12000},
 'TEST': {'FRCNN_NMS_THRESH': 0.5,
          'RESULTS_PER_IM': 100,
          'RESULT_SCORE_THRESH': 0.05,
          'RESULT_SCORE_THRESH_VIS': 0.5},
 'TRAIN': {'BASE_LR': 0.01,
           'EVAL_PERIOD': 5,
           'LR_SCHEDULE': [150000, 230000, 280000],
           'NUM_GPUS': 1,
           'STARTING_EPOCH': 1,
           'STEPS_PER_EPOCH': 500,
           'WARMUP': 1000,
           'WARMUP_INIT_LR': 0.0033000000000000004,
           'WEIGHT_DECAY': 0.0001},
 'TRAINER': 'replicated'}
[32m[0327 14:35:40 @train.py:481][0m Warm Up Schedule (steps, value): [(0, 0.0033000000000000004), (1000, 0.01)]
[32m[0327 14:35:40 @train.py:482][0m LR Schedule (epochs, value): [(2, 0.01), (2400.0, 0.001), (3680.0, 0.00010000000000000002)]
[32m[0327 14:35:41 @data.py:50][0m Ground-Truth Boxes:
[36m| class   |   #box |
|:--------|-------:|
| BG      |      0 |
| 5       |     71 |
| 7       |     56 |
| .       |    175 |
| 0       |    434 |
| 9       |     50 |
| 8       |     45 |
| 6       |     61 |
| 2       |     89 |
| 3       |     64 |
| 1       |    118 |
| 4       |     67 |
| "       |      0 |
| total   |   1230 |[0m
[32m[0327 14:35:41 @data.py:295][0m Filtered 0 images which contain no non-crowd groudtruth boxes. Total #images for training: 369
[32m[0327 14:35:41 @train.py:486][0m Total passes of the training set is: 6070.5
[32m[0327 14:35:41 @input_source.py:222][0m Setting up the queue 'QueueInput/input_queue' for CPU prefetching ...
[32m[0327 14:35:41 @training.py:110][0m Building graph for training tower 0 on device /gpu:0 ...
[32m[0327 14:35:42 @registry.py:126][0m conv0 input: [1, 3, None, None]
[32m[0327 14:35:42 @batch_norm.py:177][0m [5m[31mWRN[0m [BatchNorm] Using moving_mean/moving_variance in training.
[32m[0327 14:35:42 @registry.py:134][0m conv0 output: [1, 64, None, None]
[32m[0327 14:35:42 @registry.py:126][0m pool0 input: [1, 64, None, None]
[32m[0327 14:35:42 @registry.py:134][0m pool0 output: [1, 64, None, None]
[32m[0327 14:35:42 @registry.py:126][0m group0/block0/conv1 input: [1, 64, None, None]
[32m[0327 14:35:42 @batch_norm.py:177][0m [5m[31mWRN[0m [BatchNorm] Using moving_mean/moving_variance in training.
[32m[0327 14:35:42 @registry.py:134][0m group0/block0/conv1 output: [1, 64, None, None]
[32m[0327 14:35:42 @registry.py:126][0m group0/block0/conv2 input: [1, 64, None, None]
[32m[0327 14:35:42 @batch_norm.py:177][0m [5m[31mWRN[0m [BatchNorm] Using moving_mean/moving_variance in training.
[32m[0327 14:35:42 @registry.py:134][0m group0/block0/conv2 output: [1, 64, None, None]
[32m[0327 14:35:42 @registry.py:126][0m group0/block0/conv3 input: [1, 64, None, None]
[32m[0327 14:35:42 @batch_norm.py:177][0m [5m[31mWRN[0m [BatchNorm] Using moving_mean/moving_variance in training.
[32m[0327 14:35:42 @registry.py:134][0m group0/block0/conv3 output: [1, 256, None, None]
[32m[0327 14:35:42 @registry.py:126][0m group0/block0/convshortcut input: [1, 64, None, None]
[32m[0327 14:35:42 @batch_norm.py:177][0m [5m[31mWRN[0m [BatchNorm] Using moving_mean/moving_variance in training.
[32m[0327 14:35:42 @registry.py:134][0m group0/block0/convshortcut output: [1, 256, None, None]
[32m[0327 14:35:42 @registry.py:126][0m group0/block1/conv1 input: [1, 256, None, None]
[32m[0327 14:35:42 @batch_norm.py:177][0m [5m[31mWRN[0m [BatchNorm] Using moving_mean/moving_variance in training.
[32m[0327 14:35:42 @registry.py:134][0m group0/block1/conv1 output: [1, 64, None, None]
[32m[0327 14:35:42 @registry.py:126][0m group0/block1/conv2 input: [1, 64, None, None]
[32m[0327 14:35:42 @batch_norm.py:177][0m [5m[31mWRN[0m [BatchNorm] Using moving_mean/moving_variance in training.
[32m[0327 14:35:42 @registry.py:134][0m group0/block1/conv2 output: [1, 64, None, None]
[32m[0327 14:35:42 @registry.py:126][0m group0/block1/conv3 input: [1, 64, None, None]
[32m[0327 14:35:42 @batch_norm.py:177][0m [5m[31mWRN[0m [BatchNorm] Using moving_mean/moving_variance in training.
[32m[0327 14:35:42 @registry.py:134][0m group0/block1/conv3 output: [1, 256, None, None]
[32m[0327 14:35:42 @registry.py:126][0m group0/block2/conv1 input: [1, 256, None, None]
[32m[0327 14:35:42 @batch_norm.py:177][0m [5m[31mWRN[0m [BatchNorm] Using moving_mean/moving_variance in training.
[32m[0327 14:35:42 @registry.py:134][0m group0/block2/conv1 output: [1, 64, None, None]
[32m[0327 14:35:42 @registry.py:126][0m group0/block2/conv2 input: [1, 64, None, None]
[32m[0327 14:35:42 @batch_norm.py:177][0m [5m[31mWRN[0m [BatchNorm] Using moving_mean/moving_variance in training.
[32m[0327 14:35:42 @registry.py:134][0m group0/block2/conv2 output: [1, 64, None, None]
[32m[0327 14:35:42 @registry.py:126][0m group0/block2/conv3 input: [1, 64, None, None]
[32m[0327 14:35:42 @batch_norm.py:177][0m [5m[31mWRN[0m [BatchNorm] Using moving_mean/moving_variance in training.
[32m[0327 14:35:42 @registry.py:134][0m group0/block2/conv3 output: [1, 256, None, None]
[32m[0327 14:35:42 @registry.py:126][0m group1/block0/conv1 input: [1, 256, None, None]
[32m[0327 14:35:42 @batch_norm.py:177][0m [5m[31mWRN[0m [BatchNorm] Using moving_mean/moving_variance in training.
[32m[0327 14:35:42 @registry.py:134][0m group1/block0/conv1 output: [1, 128, None, None]
[32m[0327 14:35:42 @registry.py:126][0m group1/block0/conv2 input: [1, 128, None, None]
[32m[0327 14:35:42 @batch_norm.py:177][0m [5m[31mWRN[0m [BatchNorm] Using moving_mean/moving_variance in training.
[32m[0327 14:35:42 @registry.py:134][0m group1/block0/conv2 output: [1, 128, None, None]
[32m[0327 14:35:42 @registry.py:126][0m group1/block0/conv3 input: [1, 128, None, None]
[32m[0327 14:35:42 @batch_norm.py:177][0m [5m[31mWRN[0m [BatchNorm] Using moving_mean/moving_variance in training.
[32m[0327 14:35:42 @registry.py:134][0m group1/block0/conv3 output: [1, 512, None, None]
[32m[0327 14:35:42 @registry.py:126][0m group1/block0/convshortcut input: [1, 256, None, None]
[32m[0327 14:35:42 @batch_norm.py:177][0m [5m[31mWRN[0m [BatchNorm] Using moving_mean/moving_variance in training.
[32m[0327 14:35:42 @registry.py:134][0m group1/block0/convshortcut output: [1, 512, None, None]
[32m[0327 14:35:42 @registry.py:126][0m group1/block1/conv1 input: [1, 512, None, None]
[32m[0327 14:35:42 @batch_norm.py:177][0m [5m[31mWRN[0m [BatchNorm] Using moving_mean/moving_variance in training.
[32m[0327 14:35:42 @registry.py:134][0m group1/block1/conv1 output: [1, 128, None, None]
[32m[0327 14:35:42 @registry.py:126][0m group1/block1/conv2 input: [1, 128, None, None]
[32m[0327 14:35:42 @batch_norm.py:177][0m [5m[31mWRN[0m [BatchNorm] Using moving_mean/moving_variance in training.
[32m[0327 14:35:42 @registry.py:134][0m group1/block1/conv2 output: [1, 128, None, None]
[32m[0327 14:35:42 @registry.py:126][0m group1/block1/conv3 input: [1, 128, None, None]
[32m[0327 14:35:42 @batch_norm.py:177][0m [5m[31mWRN[0m [BatchNorm] Using moving_mean/moving_variance in training.
[32m[0327 14:35:42 @registry.py:134][0m group1/block1/conv3 output: [1, 512, None, None]
[32m[0327 14:35:42 @registry.py:126][0m group1/block2/conv1 input: [1, 512, None, None]
[32m[0327 14:35:42 @batch_norm.py:177][0m [5m[31mWRN[0m [BatchNorm] Using moving_mean/moving_variance in training.
[32m[0327 14:35:42 @registry.py:134][0m group1/block2/conv1 output: [1, 128, None, None]
[32m[0327 14:35:42 @registry.py:126][0m group1/block2/conv2 input: [1, 128, None, None]
[32m[0327 14:35:42 @batch_norm.py:177][0m [5m[31mWRN[0m [BatchNorm] Using moving_mean/moving_variance in training.
[32m[0327 14:35:42 @registry.py:134][0m group1/block2/conv2 output: [1, 128, None, None]
[32m[0327 14:35:42 @registry.py:126][0m group1/block2/conv3 input: [1, 128, None, None]
[32m[0327 14:35:42 @batch_norm.py:177][0m [5m[31mWRN[0m [BatchNorm] Using moving_mean/moving_variance in training.
[32m[0327 14:35:42 @registry.py:134][0m group1/block2/conv3 output: [1, 512, None, None]
[32m[0327 14:35:42 @registry.py:126][0m group1/block3/conv1 input: [1, 512, None, None]
[32m[0327 14:35:42 @batch_norm.py:177][0m [5m[31mWRN[0m [BatchNorm] Using moving_mean/moving_variance in training.
[32m[0327 14:35:42 @registry.py:134][0m group1/block3/conv1 output: [1, 128, None, None]
[32m[0327 14:35:42 @registry.py:126][0m group1/block3/conv2 input: [1, 128, None, None]
[32m[0327 14:35:42 @batch_norm.py:177][0m [5m[31mWRN[0m [BatchNorm] Using moving_mean/moving_variance in training.
[32m[0327 14:35:42 @registry.py:134][0m group1/block3/conv2 output: [1, 128, None, None]
[32m[0327 14:35:42 @registry.py:126][0m group1/block3/conv3 input: [1, 128, None, None]
[32m[0327 14:35:42 @batch_norm.py:177][0m [5m[31mWRN[0m [BatchNorm] Using moving_mean/moving_variance in training.
[32m[0327 14:35:43 @registry.py:134][0m group1/block3/conv3 output: [1, 512, None, None]
[32m[0327 14:35:43 @registry.py:126][0m group2/block0/conv1 input: [1, 512, None, None]
[32m[0327 14:35:43 @batch_norm.py:177][0m [5m[31mWRN[0m [BatchNorm] Using moving_mean/moving_variance in training.
[32m[0327 14:35:43 @registry.py:134][0m group2/block0/conv1 output: [1, 256, None, None]
[32m[0327 14:35:43 @registry.py:126][0m group2/block0/conv2 input: [1, 256, None, None]
[32m[0327 14:35:43 @batch_norm.py:177][0m [5m[31mWRN[0m [BatchNorm] Using moving_mean/moving_variance in training.
[32m[0327 14:35:43 @registry.py:134][0m group2/block0/conv2 output: [1, 256, None, None]
[32m[0327 14:35:43 @registry.py:126][0m group2/block0/conv3 input: [1, 256, None, None]
[32m[0327 14:35:43 @batch_norm.py:177][0m [5m[31mWRN[0m [BatchNorm] Using moving_mean/moving_variance in training.
[32m[0327 14:35:43 @registry.py:134][0m group2/block0/conv3 output: [1, 1024, None, None]
[32m[0327 14:35:43 @registry.py:126][0m group2/block0/convshortcut input: [1, 512, None, None]
[32m[0327 14:35:43 @batch_norm.py:177][0m [5m[31mWRN[0m [BatchNorm] Using moving_mean/moving_variance in training.
[32m[0327 14:35:43 @registry.py:134][0m group2/block0/convshortcut output: [1, 1024, None, None]
[32m[0327 14:35:43 @registry.py:126][0m group2/block1/conv1 input: [1, 1024, None, None]
[32m[0327 14:35:43 @batch_norm.py:177][0m [5m[31mWRN[0m [BatchNorm] Using moving_mean/moving_variance in training.
[32m[0327 14:35:43 @registry.py:134][0m group2/block1/conv1 output: [1, 256, None, None]
[32m[0327 14:35:43 @registry.py:126][0m group2/block1/conv2 input: [1, 256, None, None]
[32m[0327 14:35:43 @batch_norm.py:177][0m [5m[31mWRN[0m [BatchNorm] Using moving_mean/moving_variance in training.
[32m[0327 14:35:43 @registry.py:134][0m group2/block1/conv2 output: [1, 256, None, None]
[32m[0327 14:35:43 @registry.py:126][0m group2/block1/conv3 input: [1, 256, None, None]
[32m[0327 14:35:43 @batch_norm.py:177][0m [5m[31mWRN[0m [BatchNorm] Using moving_mean/moving_variance in training.
[32m[0327 14:35:43 @registry.py:134][0m group2/block1/conv3 output: [1, 1024, None, None]
[32m[0327 14:35:43 @registry.py:126][0m group2/block2/conv1 input: [1, 1024, None, None]
[32m[0327 14:35:43 @batch_norm.py:177][0m [5m[31mWRN[0m [BatchNorm] Using moving_mean/moving_variance in training.
[32m[0327 14:35:43 @registry.py:134][0m group2/block2/conv1 output: [1, 256, None, None]
[32m[0327 14:35:43 @registry.py:126][0m group2/block2/conv2 input: [1, 256, None, None]
[32m[0327 14:35:43 @batch_norm.py:177][0m [5m[31mWRN[0m [BatchNorm] Using moving_mean/moving_variance in training.
[32m[0327 14:35:43 @registry.py:134][0m group2/block2/conv2 output: [1, 256, None, None]
[32m[0327 14:35:43 @registry.py:126][0m group2/block2/conv3 input: [1, 256, None, None]
[32m[0327 14:35:43 @batch_norm.py:177][0m [5m[31mWRN[0m [BatchNorm] Using moving_mean/moving_variance in training.
[32m[0327 14:35:43 @registry.py:134][0m group2/block2/conv3 output: [1, 1024, None, None]
[32m[0327 14:35:43 @registry.py:126][0m group2/block3/conv1 input: [1, 1024, None, None]
[32m[0327 14:35:43 @batch_norm.py:177][0m [5m[31mWRN[0m [BatchNorm] Using moving_mean/moving_variance in training.
[32m[0327 14:35:43 @registry.py:134][0m group2/block3/conv1 output: [1, 256, None, None]
[32m[0327 14:35:43 @registry.py:126][0m group2/block3/conv2 input: [1, 256, None, None]
[32m[0327 14:35:43 @batch_norm.py:177][0m [5m[31mWRN[0m [BatchNorm] Using moving_mean/moving_variance in training.
[32m[0327 14:35:43 @registry.py:134][0m group2/block3/conv2 output: [1, 256, None, None]
[32m[0327 14:35:43 @registry.py:126][0m group2/block3/conv3 input: [1, 256, None, None]
[32m[0327 14:35:43 @batch_norm.py:177][0m [5m[31mWRN[0m [BatchNorm] Using moving_mean/moving_variance in training.
[32m[0327 14:35:43 @registry.py:134][0m group2/block3/conv3 output: [1, 1024, None, None]
[32m[0327 14:35:43 @registry.py:126][0m group2/block4/conv1 input: [1, 1024, None, None]
[32m[0327 14:35:43 @batch_norm.py:177][0m [5m[31mWRN[0m [BatchNorm] Using moving_mean/moving_variance in training.
[32m[0327 14:35:43 @registry.py:134][0m group2/block4/conv1 output: [1, 256, None, None]
[32m[0327 14:35:43 @registry.py:126][0m group2/block4/conv2 input: [1, 256, None, None]
[32m[0327 14:35:43 @batch_norm.py:177][0m [5m[31mWRN[0m [BatchNorm] Using moving_mean/moving_variance in training.
[32m[0327 14:35:43 @registry.py:134][0m group2/block4/conv2 output: [1, 256, None, None]
[32m[0327 14:35:43 @registry.py:126][0m group2/block4/conv3 input: [1, 256, None, None]
[32m[0327 14:35:43 @batch_norm.py:177][0m [5m[31mWRN[0m [BatchNorm] Using moving_mean/moving_variance in training.
[32m[0327 14:35:43 @registry.py:134][0m group2/block4/conv3 output: [1, 1024, None, None]
[32m[0327 14:35:43 @registry.py:126][0m group2/block5/conv1 input: [1, 1024, None, None]
[32m[0327 14:35:43 @batch_norm.py:177][0m [5m[31mWRN[0m [BatchNorm] Using moving_mean/moving_variance in training.
[32m[0327 14:35:43 @registry.py:134][0m group2/block5/conv1 output: [1, 256, None, None]
[32m[0327 14:35:43 @registry.py:126][0m group2/block5/conv2 input: [1, 256, None, None]
[32m[0327 14:35:43 @batch_norm.py:177][0m [5m[31mWRN[0m [BatchNorm] Using moving_mean/moving_variance in training.
[32m[0327 14:35:43 @registry.py:134][0m group2/block5/conv2 output: [1, 256, None, None]
[32m[0327 14:35:43 @registry.py:126][0m group2/block5/conv3 input: [1, 256, None, None]
[32m[0327 14:35:43 @batch_norm.py:177][0m [5m[31mWRN[0m [BatchNorm] Using moving_mean/moving_variance in training.
[32m[0327 14:35:43 @registry.py:134][0m group2/block5/conv3 output: [1, 1024, None, None]
[32m[0327 14:35:43 @registry.py:126][0m rpn input: [1, 1024, None, None]
[32m[0327 14:35:43 @registry.py:126][0m rpn/conv0 input: [1, 1024, None, None]
[32m[0327 14:35:43 @registry.py:134][0m rpn/conv0 output: [1, 1024, None, None]
[32m[0327 14:35:43 @registry.py:126][0m rpn/class input: [1, 1024, None, None]
[32m[0327 14:35:43 @registry.py:134][0m rpn/class output: [1, 15, None, None]
[32m[0327 14:35:43 @registry.py:126][0m rpn/box input: [1, 1024, None, None]
[32m[0327 14:35:43 @registry.py:134][0m rpn/box output: [1, 60, None, None]
[32m[0327 14:35:43 @registry.py:134][0m rpn output: [None, None, 15],[None, None, 15, 4]
[32m[0327 14:35:44 @registry.py:126][0m group3/block0/conv1 input: [None, 1024, 14, 14]
[32m[0327 14:35:44 @batch_norm.py:177][0m [5m[31mWRN[0m [BatchNorm] Using moving_mean/moving_variance in training.
[32m[0327 14:35:44 @registry.py:134][0m group3/block0/conv1 output: [None, 512, 14, 14]
[32m[0327 14:35:44 @registry.py:126][0m group3/block0/conv2 input: [None, 512, 15, 15]
[32m[0327 14:35:44 @batch_norm.py:177][0m [5m[31mWRN[0m [BatchNorm] Using moving_mean/moving_variance in training.
[32m[0327 14:35:44 @registry.py:134][0m group3/block0/conv2 output: [None, 512, 7, 7]
[32m[0327 14:35:44 @registry.py:126][0m group3/block0/conv3 input: [None, 512, 7, 7]
[32m[0327 14:35:44 @batch_norm.py:177][0m [5m[31mWRN[0m [BatchNorm] Using moving_mean/moving_variance in training.
[32m[0327 14:35:44 @registry.py:134][0m group3/block0/conv3 output: [None, 2048, 7, 7]
[32m[0327 14:35:44 @registry.py:126][0m group3/block0/convshortcut input: [None, 1024, 13, 13]
[32m[0327 14:35:44 @batch_norm.py:177][0m [5m[31mWRN[0m [BatchNorm] Using moving_mean/moving_variance in training.
[32m[0327 14:35:44 @registry.py:134][0m group3/block0/convshortcut output: [None, 2048, 7, 7]
[32m[0327 14:35:44 @registry.py:126][0m group3/block1/conv1 input: [None, 2048, 7, 7]
[32m[0327 14:35:45 @batch_norm.py:177][0m [5m[31mWRN[0m [BatchNorm] Using moving_mean/moving_variance in training.
[32m[0327 14:35:45 @registry.py:134][0m group3/block1/conv1 output: [None, 512, 7, 7]
[32m[0327 14:35:45 @registry.py:126][0m group3/block1/conv2 input: [None, 512, 7, 7]
[32m[0327 14:35:45 @batch_norm.py:177][0m [5m[31mWRN[0m [BatchNorm] Using moving_mean/moving_variance in training.
[32m[0327 14:35:45 @registry.py:134][0m group3/block1/conv2 output: [None, 512, 7, 7]
[32m[0327 14:35:45 @registry.py:126][0m group3/block1/conv3 input: [None, 512, 7, 7]
[32m[0327 14:35:45 @batch_norm.py:177][0m [5m[31mWRN[0m [BatchNorm] Using moving_mean/moving_variance in training.
[32m[0327 14:35:45 @registry.py:134][0m group3/block1/conv3 output: [None, 2048, 7, 7]
[32m[0327 14:35:45 @registry.py:126][0m group3/block2/conv1 input: [None, 2048, 7, 7]
[32m[0327 14:35:45 @batch_norm.py:177][0m [5m[31mWRN[0m [BatchNorm] Using moving_mean/moving_variance in training.
[32m[0327 14:35:45 @registry.py:134][0m group3/block2/conv1 output: [None, 512, 7, 7]
[32m[0327 14:35:45 @registry.py:126][0m group3/block2/conv2 input: [None, 512, 7, 7]
[32m[0327 14:35:45 @batch_norm.py:177][0m [5m[31mWRN[0m [BatchNorm] Using moving_mean/moving_variance in training.
[32m[0327 14:35:45 @registry.py:134][0m group3/block2/conv2 output: [None, 512, 7, 7]
[32m[0327 14:35:45 @registry.py:126][0m group3/block2/conv3 input: [None, 512, 7, 7]
[32m[0327 14:35:45 @batch_norm.py:177][0m [5m[31mWRN[0m [BatchNorm] Using moving_mean/moving_variance in training.
[32m[0327 14:35:45 @registry.py:134][0m group3/block2/conv3 output: [None, 2048, 7, 7]
[32m[0327 14:35:45 @registry.py:126][0m gap input: [None, 2048, 7, 7]
[32m[0327 14:35:45 @registry.py:134][0m gap output: [None, 2048]
[32m[0327 14:35:45 @registry.py:126][0m fastrcnn input: [None, 2048]
[32m[0327 14:35:45 @registry.py:126][0m fastrcnn/class input: [None, 2048]
[32m[0327 14:35:45 @registry.py:134][0m fastrcnn/class output: [None, 13]
[32m[0327 14:35:45 @registry.py:126][0m fastrcnn/box input: [None, 2048]
[32m[0327 14:35:45 @registry.py:134][0m fastrcnn/box output: [None, 52]
[32m[0327 14:35:45 @registry.py:134][0m fastrcnn output: [None, 13],[None, 13, 4]
[32m[0327 14:35:45 @regularize.py:97][0m regularize_cost() found 47 variables to regularize.
[32m[0327 14:35:45 @regularize.py:21][0m The following tensors will be regularized: group1/block0/conv1/W:0, group1/block0/conv2/W:0, group1/block0/conv3/W:0, group1/block0/convshortcut/W:0, group1/block1/conv1/W:0, group1/block1/conv2/W:0, group1/block1/conv3/W:0, group1/block2/conv1/W:0, group1/block2/conv2/W:0, group1/block2/conv3/W:0, group1/block3/conv1/W:0, group1/block3/conv2/W:0, group1/block3/conv3/W:0, group2/block0/conv1/W:0, group2/block0/conv2/W:0, group2/block0/conv3/W:0, group2/block0/convshortcut/W:0, group2/block1/conv1/W:0, group2/block1/conv2/W:0, group2/block1/conv3/W:0, group2/block2/conv1/W:0, group2/block2/conv2/W:0, group2/block2/conv3/W:0, group2/block3/conv1/W:0, group2/block3/conv2/W:0, group2/block3/conv3/W:0, group2/block4/conv1/W:0, group2/block4/conv2/W:0, group2/block4/conv3/W:0, group2/block5/conv1/W:0, group2/block5/conv2/W:0, group2/block5/conv3/W:0, rpn/conv0/W:0, rpn/class/W:0, rpn/box/W:0, group3/block0/conv1/W:0, group3/block0/conv2/W:0, group3/block0/conv3/W:0, group3/block0/convshortcut/W:0, group3/block1/conv1/W:0, group3/block1/conv2/W:0, group3/block1/conv3/W:0, group3/block2/conv1/W:0, group3/block2/conv2/W:0, group3/block2/conv3/W:0, fastrcnn/class/W:0, fastrcnn/box/W:0
[32m[0327 14:35:50 @training.py:348][0m 'sync_variables_from_main_tower' includes 0 operations.
[32m[0327 14:35:50 @model_utils.py:67][0m [36mList of Trainable Variables: 
[0mname                                   shape                 #elements
-------------------------------------  ------------------  -----------
group1/block0/conv1/W:0                [1, 1, 256, 128]          32768
group1/block0/conv1/bn/gamma:0         [128]                       128
group1/block0/conv1/bn/beta:0          [128]                       128
group1/block0/conv2/W:0                [3, 3, 128, 128]         147456
group1/block0/conv2/bn/gamma:0         [128]                       128
group1/block0/conv2/bn/beta:0          [128]                       128
group1/block0/conv3/W:0                [1, 1, 128, 512]          65536
group1/block0/conv3/bn/gamma:0         [512]                       512
group1/block0/conv3/bn/beta:0          [512]                       512
group1/block0/convshortcut/W:0         [1, 1, 256, 512]         131072
group1/block0/convshortcut/bn/gamma:0  [512]                       512
group1/block0/convshortcut/bn/beta:0   [512]                       512
group1/block1/conv1/W:0                [1, 1, 512, 128]          65536
group1/block1/conv1/bn/gamma:0         [128]                       128
group1/block1/conv1/bn/beta:0          [128]                       128
group1/block1/conv2/W:0                [3, 3, 128, 128]         147456
group1/block1/conv2/bn/gamma:0         [128]                       128
group1/block1/conv2/bn/beta:0          [128]                       128
group1/block1/conv3/W:0                [1, 1, 128, 512]          65536
group1/block1/conv3/bn/gamma:0         [512]                       512
group1/block1/conv3/bn/beta:0          [512]                       512
group1/block2/conv1/W:0                [1, 1, 512, 128]          65536
group1/block2/conv1/bn/gamma:0         [128]                       128
group1/block2/conv1/bn/beta:0          [128]                       128
group1/block2/conv2/W:0                [3, 3, 128, 128]         147456
group1/block2/conv2/bn/gamma:0         [128]                       128
group1/block2/conv2/bn/beta:0          [128]                       128
group1/block2/conv3/W:0                [1, 1, 128, 512]          65536
group1/block2/conv3/bn/gamma:0         [512]                       512
group1/block2/conv3/bn/beta:0          [512]                       512
group1/block3/conv1/W:0                [1, 1, 512, 128]          65536
group1/block3/conv1/bn/gamma:0         [128]                       128
group1/block3/conv1/bn/beta:0          [128]                       128
group1/block3/conv2/W:0                [3, 3, 128, 128]         147456
group1/block3/conv2/bn/gamma:0         [128]                       128
group1/block3/conv2/bn/beta:0          [128]                       128
group1/block3/conv3/W:0                [1, 1, 128, 512]          65536
group1/block3/conv3/bn/gamma:0         [512]                       512
group1/block3/conv3/bn/beta:0          [512]                       512
group2/block0/conv1/W:0                [1, 1, 512, 256]         131072
group2/block0/conv1/bn/gamma:0         [256]                       256
group2/block0/conv1/bn/beta:0          [256]                       256
group2/block0/conv2/W:0                [3, 3, 256, 256]         589824
group2/block0/conv2/bn/gamma:0         [256]                       256
group2/block0/conv2/bn/beta:0          [256]                       256
group2/block0/conv3/W:0                [1, 1, 256, 1024]        262144
group2/block0/conv3/bn/gamma:0         [1024]                     1024
group2/block0/conv3/bn/beta:0          [1024]                     1024
group2/block0/convshortcut/W:0         [1, 1, 512, 1024]        524288
group2/block0/convshortcut/bn/gamma:0  [1024]                     1024
group2/block0/convshortcut/bn/beta:0   [1024]                     1024
group2/block1/conv1/W:0                [1, 1, 1024, 256]        262144
group2/block1/conv1/bn/gamma:0         [256]                       256
group2/block1/conv1/bn/beta:0          [256]                       256
group2/block1/conv2/W:0                [3, 3, 256, 256]         589824
group2/block1/conv2/bn/gamma:0         [256]                       256
group2/block1/conv2/bn/beta:0          [256]                       256
group2/block1/conv3/W:0                [1, 1, 256, 1024]        262144
group2/block1/conv3/bn/gamma:0         [1024]                     1024
group2/block1/conv3/bn/beta:0          [1024]                     1024
group2/block2/conv1/W:0                [1, 1, 1024, 256]        262144
group2/block2/conv1/bn/gamma:0         [256]                       256
group2/block2/conv1/bn/beta:0          [256]                       256
group2/block2/conv2/W:0                [3, 3, 256, 256]         589824
group2/block2/conv2/bn/gamma:0         [256]                       256
group2/block2/conv2/bn/beta:0          [256]                       256
group2/block2/conv3/W:0                [1, 1, 256, 1024]        262144
group2/block2/conv3/bn/gamma:0         [1024]                     1024
group2/block2/conv3/bn/beta:0          [1024]                     1024
group2/block3/conv1/W:0                [1, 1, 1024, 256]        262144
group2/block3/conv1/bn/gamma:0         [256]                       256
group2/block3/conv1/bn/beta:0          [256]                       256
group2/block3/conv2/W:0                [3, 3, 256, 256]         589824
group2/block3/conv2/bn/gamma:0         [256]                       256
group2/block3/conv2/bn/beta:0          [256]                       256
group2/block3/conv3/W:0                [1, 1, 256, 1024]        262144
group2/block3/conv3/bn/gamma:0         [1024]                     1024
group2/block3/conv3/bn/beta:0          [1024]                     1024
group2/block4/conv1/W:0                [1, 1, 1024, 256]        262144
group2/block4/conv1/bn/gamma:0         [256]                       256
group2/block4/conv1/bn/beta:0          [256]                       256
group2/block4/conv2/W:0                [3, 3, 256, 256]         589824
group2/block4/conv2/bn/gamma:0         [256]                       256
group2/block4/conv2/bn/beta:0          [256]                       256
group2/block4/conv3/W:0                [1, 1, 256, 1024]        262144
group2/block4/conv3/bn/gamma:0         [1024]                     1024
group2/block4/conv3/bn/beta:0          [1024]                     1024
group2/block5/conv1/W:0                [1, 1, 1024, 256]        262144
group2/block5/conv1/bn/gamma:0         [256]                       256
group2/block5/conv1/bn/beta:0          [256]                       256
group2/block5/conv2/W:0                [3, 3, 256, 256]         589824
group2/block5/conv2/bn/gamma:0         [256]                       256
group2/block5/conv2/bn/beta:0          [256]                       256
group2/block5/conv3/W:0                [1, 1, 256, 1024]        262144
group2/block5/conv3/bn/gamma:0         [1024]                     1024
group2/block5/conv3/bn/beta:0          [1024]                     1024
rpn/conv0/W:0                          [3, 3, 1024, 1024]      9437184
rpn/conv0/b:0                          [1024]                     1024
rpn/class/W:0                          [1, 1, 1024, 15]          15360
rpn/class/b:0                          [15]                         15
rpn/box/W:0                            [1, 1, 1024, 60]          61440
rpn/box/b:0                            [60]                         60
group3/block0/conv1/W:0                [1, 1, 1024, 512]        524288
group3/block0/conv1/bn/gamma:0         [512]                       512
group3/block0/conv1/bn/beta:0          [512]                       512
group3/block0/conv2/W:0                [3, 3, 512, 512]        2359296
group3/block0/conv2/bn/gamma:0         [512]                       512
group3/block0/conv2/bn/beta:0          [512]                       512
group3/block0/conv3/W:0                [1, 1, 512, 2048]       1048576
group3/block0/conv3/bn/gamma:0         [2048]                     2048
group3/block0/conv3/bn/beta:0          [2048]                     2048
group3/block0/convshortcut/W:0         [1, 1, 1024, 2048]      2097152
group3/block0/convshortcut/bn/gamma:0  [2048]                     2048
group3/block0/convshortcut/bn/beta:0   [2048]                     2048
group3/block1/conv1/W:0                [1, 1, 2048, 512]       1048576
group3/block1/conv1/bn/gamma:0         [512]                       512
group3/block1/conv1/bn/beta:0          [512]                       512
group3/block1/conv2/W:0                [3, 3, 512, 512]        2359296
group3/block1/conv2/bn/gamma:0         [512]                       512
group3/block1/conv2/bn/beta:0          [512]                       512
group3/block1/conv3/W:0                [1, 1, 512, 2048]       1048576
group3/block1/conv3/bn/gamma:0         [2048]                     2048
group3/block1/conv3/bn/beta:0          [2048]                     2048
group3/block2/conv1/W:0                [1, 1, 2048, 512]       1048576
group3/block2/conv1/bn/gamma:0         [512]                       512
group3/block2/conv1/bn/beta:0          [512]                       512
group3/block2/conv2/W:0                [3, 3, 512, 512]        2359296
group3/block2/conv2/bn/gamma:0         [512]                       512
group3/block2/conv2/bn/beta:0          [512]                       512
group3/block2/conv3/W:0                [1, 1, 512, 2048]       1048576
group3/block2/conv3/bn/gamma:0         [2048]                     2048
group3/block2/conv3/bn/beta:0          [2048]                     2048
fastrcnn/class/W:0                     [2048, 13]                26624
fastrcnn/class/b:0                     [13]                         13
fastrcnn/box/W:0                       [2048, 52]               106496
fastrcnn/box/b:0                       [52]                         52[36m
Number of trainable variables: 136
Number of parameters (elements): 32930956
Storage space needed for all trainable variables: 125.62MB[0m
[32m[0327 14:35:50 @base.py:209][0m Setup callbacks graph ...
[32m[0327 14:35:50 @argtools.py:146][0m [5m[31mWRN[0m "import prctl" failed! Install python-prctl so that processes can be cleaned with guarantee.
[32m[0327 14:35:53 @tower.py:140][0m Building graph for predict tower 'tower-pred-0' on device /gpu:0 ...
[32m[0327 14:35:54 @collection.py:152][0m Size of these collections were changed in tower-pred-0: (tf.GraphKeys.MODEL_VARIABLES: 183->238)
[32m[0327 14:35:54 @summary.py:46][0m [MovingAverageSummary] 23 operations in collection 'MOVING_SUMMARY_OPS' will be run with session hooks.
[32m[0327 14:35:54 @summary.py:93][0m Summarizing collection 'summaries' of size 25.
[32m[0327 14:35:56 @base.py:230][0m Creating the session ...
[32m[0327 14:36:00 @base.py:236][0m Initializing the session ...
[32m[0327 14:36:00 @sessinit.py:205][0m Variables to restore from dict: group3/block1/conv2/bn/mean/EMA:0, group1/block1/conv3/bn/beta:0, group1/block2/conv3/bn/mean/EMA:0, group0/block2/conv3/W:0, group2/block3/conv1/bn/mean/EMA:0, group3/block0/conv2/bn/mean/EMA:0, group2/block2/conv1/bn/beta:0, group2/block3/conv3/bn/variance/EMA:0, group0/block1/conv3/bn/mean/EMA:0, group2/block5/conv2/W:0, group2/block2/conv3/bn/gamma:0, group2/block0/convshortcut/bn/mean/EMA:0, group2/block0/conv3/W:0, group2/block5/conv2/bn/gamma:0, group0/block0/conv3/bn/beta:0, group2/block1/conv3/bn/beta:0, group1/block1/conv2/W:0, group1/block1/conv1/bn/variance/EMA:0, group3/block0/conv3/bn/beta:0, group2/block2/conv1/bn/mean/EMA:0, group0/block0/conv2/W:0, group3/block1/conv1/bn/gamma:0, group3/block2/conv1/bn/variance/EMA:0, group1/block2/conv3/bn/gamma:0, group2/block1/conv3/bn/variance/EMA:0, group0/block0/convshortcut/bn/beta:0, group3/block0/conv2/bn/gamma:0, group2/block2/conv1/W:0, group3/block2/conv3/bn/gamma:0, group2/block1/conv1/bn/mean/EMA:0, group3/block0/conv3/bn/variance/EMA:0, group3/block2/conv1/W:0, group0/block0/conv1/W:0, group3/block1/conv3/bn/gamma:0, group2/block4/conv1/bn/gamma:0, group1/block2/conv1/bn/variance/EMA:0, group2/block4/conv1/W:0, group2/block0/conv3/bn/beta:0, group2/block0/conv1/bn/gamma:0, group0/block1/conv3/bn/variance/EMA:0, group1/block3/conv2/bn/mean/EMA:0, group1/block2/conv1/W:0, group0/block0/convshortcut/W:0, group2/block2/conv3/bn/mean/EMA:0, group0/block0/conv1/bn/gamma:0, group3/block2/conv2/bn/variance/EMA:0, group1/block0/conv1/W:0, group0/block0/conv2/bn/variance/EMA:0, group1/block3/conv3/bn/beta:0, group3/block0/convshortcut/bn/gamma:0, group2/block0/conv2/bn/beta:0, group0/block1/conv2/W:0, group2/block3/conv1/bn/beta:0, group1/block0/conv3/bn/beta:0, group0/block2/conv2/bn/variance/EMA:0, group1/block0/conv2/bn/gamma:0, group1/block0/conv1/bn/gamma:0, group1/block3/conv3/bn/variance/EMA:0, group2/block5/conv1/bn/mean/EMA:0, group2/block5/conv3/bn/variance/EMA:0, group0/block1/conv2/bn/gamma:0, group2/block1/conv1/W:0, group2/block4/conv3/bn/variance/EMA:0, group2/block0/convshortcut/bn/gamma:0, group1/block1/conv1/bn/beta:0, group2/block1/conv1/bn/beta:0, group1/block1/conv2/bn/beta:0, group0/block2/conv1/bn/mean/EMA:0, group2/block0/conv2/bn/mean/EMA:0, group1/block3/conv1/bn/gamma:0, group1/block1/conv1/W:0, group2/block4/conv3/bn/gamma:0, group1/block1/conv1/bn/gamma:0, group2/block3/conv3/bn/gamma:0, group1/block0/conv3/W:0, conv0/bn/beta:0, group1/block2/conv2/bn/variance/EMA:0, group0/block2/conv3/bn/mean/EMA:0, group2/block5/conv1/W:0, group2/block2/conv3/bn/variance/EMA:0, group0/block0/conv1/bn/variance/EMA:0, group2/block4/conv3/bn/mean/EMA:0, group2/block0/conv1/bn/variance/EMA:0, group2/block3/conv1/bn/variance/EMA:0, group1/block2/conv3/bn/variance/EMA:0, group1/block2/conv1/bn/gamma:0, group3/block0/convshortcut/bn/variance/EMA:0, group3/block0/conv3/bn/gamma:0, group3/block1/conv1/W:0, group3/block2/conv3/bn/variance/EMA:0, group1/block0/conv1/bn/beta:0, group2/block2/conv2/bn/beta:0, group2/block1/conv2/bn/beta:0, group3/block0/convshortcut/bn/mean/EMA:0, group1/block3/conv1/bn/variance/EMA:0, group0/block2/conv1/W:0, group1/block0/conv1/bn/mean/EMA:0, group2/block1/conv1/bn/variance/EMA:0, group2/block5/conv1/bn/variance/EMA:0, group1/block0/conv2/bn/variance/EMA:0, group2/block4/conv1/bn/variance/EMA:0, group1/block2/conv2/W:0, group2/block5/conv3/bn/mean/EMA:0, group3/block0/conv3/bn/mean/EMA:0, group1/block1/conv3/bn/gamma:0, group1/block3/conv2/bn/variance/EMA:0, group0/block1/conv3/W:0, group0/block0/conv3/W:0, group2/block5/conv3/bn/beta:0, group2/block1/conv3/bn/mean/EMA:0, group2/block4/conv2/W:0, group0/block1/conv2/bn/mean/EMA:0, group2/block2/conv2/bn/gamma:0, group2/block3/conv2/bn/mean/EMA:0, group2/block5/conv1/bn/gamma:0, group1/block1/conv1/bn/mean/EMA:0, group2/block0/conv2/bn/gamma:0, group1/block0/conv2/bn/beta:0, group2/block4/conv2/bn/mean/EMA:0, group2/block4/conv1/bn/beta:0, group0/block0/conv3/bn/variance/EMA:0, group1/block3/conv3/bn/gamma:0, group2/block1/conv2/W:0, group0/block1/conv3/bn/beta:0, group2/block4/conv2/bn/gamma:0, group3/block2/conv3/bn/beta:0, group2/block0/conv1/bn/beta:0, group1/block0/conv3/bn/mean/EMA:0, group3/block0/conv2/bn/variance/EMA:0, group3/block1/conv2/bn/beta:0, group2/block2/conv2/bn/variance/EMA:0, group2/block4/conv2/bn/variance/EMA:0, group3/block0/convshortcut/bn/beta:0, group0/block1/conv1/bn/mean/EMA:0, group2/block3/conv2/bn/variance/EMA:0, group0/block2/conv1/bn/gamma:0, group1/block2/conv2/bn/mean/EMA:0, group3/block2/conv3/bn/mean/EMA:0, group2/block3/conv3/bn/beta:0, group2/block4/conv1/bn/mean/EMA:0, group0/block2/conv2/bn/mean/EMA:0, group1/block2/conv3/W:0, group2/block0/convshortcut/W:0, group1/block1/conv3/bn/mean/EMA:0, group0/block0/conv3/bn/gamma:0, group3/block1/conv1/bn/mean/EMA:0, group2/block3/conv3/W:0, group0/block0/conv3/bn/mean/EMA:0, group1/block2/conv2/bn/gamma:0, group2/block3/conv1/bn/gamma:0, group2/block2/conv3/W:0, group2/block2/conv2/bn/mean/EMA:0, conv0/bn/gamma:0, group2/block0/conv2/bn/variance/EMA:0, group2/block3/conv2/bn/gamma:0, group3/block1/conv1/bn/variance/EMA:0, group0/block2/conv1/bn/variance/EMA:0, group2/block5/conv2/bn/variance/EMA:0, group0/block1/conv1/bn/gamma:0, group0/block2/conv3/bn/gamma:0, group1/block1/conv3/bn/variance/EMA:0, group1/block1/conv2/bn/mean/EMA:0, conv0/bn/variance/EMA:0, group1/block0/conv3/bn/variance/EMA:0, group2/block2/conv3/bn/beta:0, group3/block2/conv1/bn/gamma:0, group1/block2/conv1/bn/mean/EMA:0, group1/block3/conv3/W:0, group2/block0/convshortcut/bn/variance/EMA:0, group2/block1/conv1/bn/gamma:0, group0/block0/convshortcut/bn/variance/EMA:0, group0/block1/conv1/bn/beta:0, group0/block1/conv2/bn/variance/EMA:0, conv0/bn/mean/EMA:0, group2/block5/conv2/bn/mean/EMA:0, group2/block5/conv2/bn/beta:0, group2/block5/conv1/bn/beta:0, group3/block1/conv2/W:0, group3/block2/conv1/bn/mean/EMA:0, group0/block0/conv2/bn/gamma:0, group0/block0/conv2/bn/beta:0, group2/block0/conv2/W:0, group3/block1/conv3/W:0, group3/block0/conv2/bn/beta:0, group1/block1/conv3/W:0, group1/block0/convshortcut/bn/variance/EMA:0, group2/block2/conv2/W:0, group0/block1/conv1/bn/variance/EMA:0, group0/block1/conv2/bn/beta:0, group0/block2/conv3/bn/beta:0, group2/block1/conv2/bn/gamma:0, group3/block1/conv3/bn/variance/EMA:0, group1/block3/conv1/W:0, conv0/W:0, group3/block2/conv2/bn/beta:0, group3/block2/conv3/W:0, group2/block5/conv3/bn/gamma:0, group2/block3/conv3/bn/mean/EMA:0, group2/block0/convshortcut/bn/beta:0, group3/block2/conv2/W:0, group2/block5/conv3/W:0, group0/block2/conv1/bn/beta:0, group2/block4/conv3/W:0, group3/block0/conv1/W:0, group3/block0/conv1/bn/mean/EMA:0, group2/block2/conv1/bn/gamma:0, group2/block3/conv2/W:0, group3/block1/conv2/bn/gamma:0, group2/block4/conv2/bn/beta:0, group3/block0/conv1/bn/beta:0, group1/block2/conv1/bn/beta:0, group1/block0/convshortcut/bn/gamma:0, group1/block3/conv1/bn/beta:0, group0/block0/convshortcut/bn/gamma:0, group0/block1/conv3/bn/gamma:0, group3/block2/conv1/bn/beta:0, group1/block0/conv2/bn/mean/EMA:0, group1/block1/conv2/bn/gamma:0, group2/block0/conv3/bn/variance/EMA:0, group3/block0/conv3/W:0, group1/block3/conv2/W:0, group2/block0/conv1/W:0, group2/block1/conv3/W:0, group0/block0/conv1/bn/beta:0, group0/block2/conv3/bn/variance/EMA:0, group2/block1/conv3/bn/gamma:0, group3/block0/convshortcut/W:0, group0/block0/conv1/bn/mean/EMA:0, group2/block4/conv3/bn/beta:0, group2/block1/conv2/bn/mean/EMA:0, group0/block2/conv2/bn/beta:0, group1/block0/conv3/bn/gamma:0, group2/block0/conv1/bn/mean/EMA:0, group1/block2/conv3/bn/beta:0, group1/block3/conv2/bn/beta:0, group3/block0/conv1/bn/gamma:0, group1/block3/conv1/bn/mean/EMA:0, group3/block1/conv1/bn/beta:0, group2/block0/conv3/bn/gamma:0, group1/block0/convshortcut/W:0, group0/block2/conv2/bn/gamma:0, group0/block1/conv1/W:0, group2/block0/conv3/bn/mean/EMA:0, group3/block1/conv2/bn/variance/EMA:0, group1/block0/convshortcut/bn/beta:0, group1/block0/convshortcut/bn/mean/EMA:0, group0/block0/conv2/bn/mean/EMA:0, group3/block0/conv2/W:0, group1/block2/conv2/bn/beta:0, group1/block0/conv1/bn/variance/EMA:0, group0/block0/convshortcut/bn/mean/EMA:0, group0/block2/conv2/W:0, group3/block1/conv3/bn/beta:0, group1/block3/conv3/bn/mean/EMA:0, group2/block1/conv2/bn/variance/EMA:0, group3/block2/conv2/bn/gamma:0, group2/block2/conv1/bn/variance/EMA:0, group1/block1/conv2/bn/variance/EMA:0, group3/block2/conv2/bn/mean/EMA:0, group2/block3/conv1/W:0, group1/block3/conv2/bn/gamma:0, group3/block0/conv1/bn/variance/EMA:0, group2/block3/conv2/bn/beta:0, group1/block0/conv2/W:0, group3/block1/conv3/bn/mean/EMA:0
[32m[0327 14:36:00 @sessinit.py:87][0m [5m[31mWRN[0m The following variables are in the graph, but not found in the dict: fastrcnn/box/W, fastrcnn/box/b, fastrcnn/class/W, fastrcnn/class/b, global_step, learning_rate, rpn/box/W, rpn/box/b, rpn/class/W, rpn/class/b, rpn/conv0/W, rpn/conv0/b
[32m[0327 14:36:00 @sessinit.py:87][0m [5m[31mWRN[0m The following variables are in the dict, but not found in the graph: linear/W, linear/b
[32m[0327 14:36:00 @sessinit.py:218][0m Restoring 265 variables from dict ...
[32m[0327 14:36:01 @base.py:243][0m Graph Finalized.
[32m[0327 14:36:01 @concurrency.py:38][0m Starting EnqueueThread QueueInput/input_queue ...
[32m[0327 14:36:01 @graph.py:73][0m Running Op sync_variables/sync_variables_from_main_tower ...
[32m[0327 14:36:02 @param.py:158][0m [HyperParamSetter] At global_step=0, learning_rate is set to 0.003300
[32m[0327 14:36:03 @eval.py:222][0m [EvalCallback] Will evaluate every 5 epochs
[32m[0327 14:36:03 @base.py:275][0m Start Epoch 1 ...
[32m[0327 14:36:28 @param.py:161][0m [HyperParamSetter] At global_step=1, learning_rate changes from 0.003300 to 0.003307
[32m[0327 14:38:36 @base.py:285][0m Epoch 1 (global_step 500) finished, time:2 minutes 33 seconds.
[32m[0327 14:38:36 @graph.py:73][0m Running Op sync_variables/sync_variables_from_main_tower ...
[32m[0327 14:38:36 @misc.py:109][0m Estimated Time Left: 7 days 23 hours 33 seconds
[32m[0327 14:38:36 @monitor.py:467][0m PeakMemory(MB)/gpu:0: 6778.1
[32m[0327 14:38:36 @monitor.py:467][0m QueueInput/queue_size: 50
[32m[0327 14:38:36 @monitor.py:467][0m fastrcnn_losses/box_loss: 0.33359
[32m[0327 14:38:36 @monitor.py:467][0m fastrcnn_losses/label_loss: 0.46864
[32m[0327 14:38:36 @monitor.py:467][0m fastrcnn_losses/label_metrics/accuracy: 0.84359
[32m[0327 14:38:36 @monitor.py:467][0m fastrcnn_losses/label_metrics/false_negative: 0.83242
[32m[0327 14:38:36 @monitor.py:467][0m fastrcnn_losses/label_metrics/fg_accuracy: 0.15786
[32m[0327 14:38:36 @monitor.py:467][0m fastrcnn_losses/num_fg_label: 43.028
[32m[0327 14:38:36 @monitor.py:467][0m learning_rate: 0.0066433
[32m[0327 14:38:36 @monitor.py:467][0m rpn_losses/box_loss: 0.01457
[32m[0327 14:38:36 @monitor.py:467][0m rpn_losses/label_loss: 0.084777
[32m[0327 14:38:36 @monitor.py:467][0m rpn_losses/label_metrics/precision_th0.1: 0.40036
[32m[0327 14:38:36 @monitor.py:467][0m rpn_losses/label_metrics/precision_th0.2: 0.57185
[32m[0327 14:38:36 @monitor.py:467][0m rpn_losses/label_metrics/precision_th0.5: 0.59407
[32m[0327 14:38:36 @monitor.py:467][0m rpn_losses/label_metrics/recall_th0.1: 0.87756
[32m[0327 14:38:36 @monitor.py:467][0m rpn_losses/label_metrics/recall_th0.2: 0.84132
[32m[0327 14:38:36 @monitor.py:467][0m rpn_losses/label_metrics/recall_th0.5: 0.26089
[32m[0327 14:38:36 @monitor.py:467][0m rpn_losses/num_pos_anchor: 15.818
[32m[0327 14:38:36 @monitor.py:467][0m rpn_losses/num_valid_anchor: 256
[32m[0327 14:38:36 @monitor.py:467][0m sample_fast_rcnn_targets/num_bg: 212.97
[32m[0327 14:38:36 @monitor.py:467][0m sample_fast_rcnn_targets/num_fg: 43.028
[32m[0327 14:38:36 @monitor.py:467][0m sample_fast_rcnn_targets/proposal_metrics/best_iou_per_gt: 0.72579
[32m[0327 14:38:36 @monitor.py:467][0m sample_fast_rcnn_targets/proposal_metrics/recall_iou0.3: 0.98379
[32m[0327 14:38:36 @monitor.py:467][0m sample_fast_rcnn_targets/proposal_metrics/recall_iou0.5: 0.90467
[32m[0327 14:38:36 @monitor.py:467][0m total_cost: 1.2118
[32m[0327 14:38:36 @monitor.py:467][0m wd_cost: 0.31024
[32m[0327 14:38:36 @base.py:275][0m Start Epoch 2 ...
[32m[0327 14:38:37 @param.py:161][0m [HyperParamSetter] At global_step=501, learning_rate changes from 0.006650 to 0.006657
[32m[0327 14:40:36 @base.py:285][0m Epoch 2 (global_step 1000) finished, time:1 minute 59 seconds.
[32m[0327 14:40:36 @graph.py:73][0m Running Op sync_variables/sync_variables_from_main_tower ...
[32m[0327 14:40:36 @param.py:158][0m [HyperParamSetter] At global_step=1000, learning_rate is set to 0.010000
[32m[0327 14:40:36 @misc.py:109][0m Estimated Time Left: 7 days 1 hour 41 minutes 49 seconds
[32m[0327 14:40:36 @monitor.py:467][0m PeakMemory(MB)/gpu:0: 6778.1
[32m[0327 14:40:36 @monitor.py:467][0m QueueInput/queue_size: 50
[32m[0327 14:40:36 @monitor.py:467][0m fastrcnn_losses/box_loss: 0.26017
[32m[0327 14:40:36 @monitor.py:467][0m fastrcnn_losses/label_loss: 0.29101
[32m[0327 14:40:36 @monitor.py:467][0m fastrcnn_losses/label_metrics/accuracy: 0.89144
[32m[0327 14:40:36 @monitor.py:467][0m fastrcnn_losses/label_metrics/false_negative: 0.29485
[32m[0327 14:40:36 @monitor.py:467][0m fastrcnn_losses/label_metrics/fg_accuracy: 0.60357
[32m[0327 14:40:36 @monitor.py:467][0m fastrcnn_losses/num_fg_label: 45.086
[32m[0327 14:40:36 @monitor.py:467][0m learning_rate: 0.0099933
[32m[0327 14:40:36 @monitor.py:467][0m rpn_losses/box_loss: 0.015047
[32m[0327 14:40:36 @monitor.py:467][0m rpn_losses/label_loss: 0.051915
[32m[0327 14:40:36 @monitor.py:467][0m rpn_losses/label_metrics/precision_th0.1: 0.60444
[32m[0327 14:40:36 @monitor.py:467][0m rpn_losses/label_metrics/precision_th0.2: 0.70941
[32m[0327 14:40:36 @monitor.py:467][0m rpn_losses/label_metrics/precision_th0.5: 0.7851
[32m[0327 14:40:36 @monitor.py:467][0m rpn_losses/label_metrics/recall_th0.1: 0.94664
[32m[0327 14:40:36 @monitor.py:467][0m rpn_losses/label_metrics/recall_th0.2: 0.85315
[32m[0327 14:40:36 @monitor.py:467][0m rpn_losses/label_metrics/recall_th0.5: 0.73866
[32m[0327 14:40:36 @monitor.py:467][0m rpn_losses/num_pos_anchor: 16.438
[32m[0327 14:40:36 @monitor.py:467][0m rpn_losses/num_valid_anchor: 256
[32m[0327 14:40:36 @monitor.py:467][0m sample_fast_rcnn_targets/num_bg: 210.91
[32m[0327 14:40:36 @monitor.py:467][0m sample_fast_rcnn_targets/num_fg: 45.086
[32m[0327 14:40:36 @monitor.py:467][0m sample_fast_rcnn_targets/proposal_metrics/best_iou_per_gt: 0.76706
[32m[0327 14:40:36 @monitor.py:467][0m sample_fast_rcnn_targets/proposal_metrics/recall_iou0.3: 1
[32m[0327 14:40:36 @monitor.py:467][0m sample_fast_rcnn_targets/proposal_metrics/recall_iou0.5: 0.99036
[32m[0327 14:40:36 @monitor.py:467][0m total_cost: 0.92826
[32m[0327 14:40:36 @monitor.py:467][0m wd_cost: 0.31012
[32m[0327 14:40:36 @base.py:275][0m Start Epoch 3 ...
[32m[0327 14:42:31 @base.py:285][0m Epoch 3 (global_step 1500) finished, time:1 minute 55 seconds.
[32m[0327 14:42:31 @graph.py:73][0m Running Op sync_variables/sync_variables_from_main_tower ...
[32m[0327 14:42:31 @misc.py:109][0m Estimated Time Left: 6 days 4 hours 23 minutes 40 seconds
[32m[0327 14:42:31 @monitor.py:467][0m PeakMemory(MB)/gpu:0: 6778.1
[32m[0327 14:42:31 @monitor.py:467][0m QueueInput/queue_size: 50
[32m[0327 14:42:31 @monitor.py:467][0m fastrcnn_losses/box_loss: 0.17025
[32m[0327 14:42:31 @monitor.py:467][0m fastrcnn_losses/label_loss: 0.14354
[32m[0327 14:42:31 @monitor.py:467][0m fastrcnn_losses/label_metrics/accuracy: 0.94677
[32m[0327 14:42:31 @monitor.py:467][0m fastrcnn_losses/label_metrics/false_negative: 0.13376
[32m[0327 14:42:31 @monitor.py:467][0m fastrcnn_losses/label_metrics/fg_accuracy: 0.83172
[32m[0327 14:42:31 @monitor.py:467][0m fastrcnn_losses/num_fg_label: 43.636
[32m[0327 14:42:31 @monitor.py:467][0m learning_rate: 0.01
[32m[0327 14:42:31 @monitor.py:467][0m rpn_losses/box_loss: 0.0095745
[32m[0327 14:42:31 @monitor.py:467][0m rpn_losses/label_loss: 0.03837
[32m[0327 14:42:31 @monitor.py:467][0m rpn_losses/label_metrics/precision_th0.1: 0.61833
[32m[0327 14:42:31 @monitor.py:467][0m rpn_losses/label_metrics/precision_th0.2: 0.73718
[32m[0327 14:42:31 @monitor.py:467][0m rpn_losses/label_metrics/precision_th0.5: 0.79469
[32m[0327 14:42:31 @monitor.py:467][0m rpn_losses/label_metrics/recall_th0.1: 0.96036
[32m[0327 14:42:31 @monitor.py:467][0m rpn_losses/label_metrics/recall_th0.2: 0.91984
[32m[0327 14:42:31 @monitor.py:467][0m rpn_losses/label_metrics/recall_th0.5: 0.79744
[32m[0327 14:42:31 @monitor.py:467][0m rpn_losses/num_pos_anchor: 14.077
[32m[0327 14:42:31 @monitor.py:467][0m rpn_losses/num_valid_anchor: 256
[32m[0327 14:42:31 @monitor.py:467][0m sample_fast_rcnn_targets/num_bg: 212.36
[32m[0327 14:42:31 @monitor.py:467][0m sample_fast_rcnn_targets/num_fg: 43.636
[32m[0327 14:42:31 @monitor.py:467][0m sample_fast_rcnn_targets/proposal_metrics/best_iou_per_gt: 0.78635
[32m[0327 14:42:31 @monitor.py:467][0m sample_fast_rcnn_targets/proposal_metrics/recall_iou0.3: 1
[32m[0327 14:42:31 @monitor.py:467][0m sample_fast_rcnn_targets/proposal_metrics/recall_iou0.5: 0.99999
[32m[0327 14:42:31 @monitor.py:467][0m total_cost: 0.67167
[32m[0327 14:42:31 @monitor.py:467][0m wd_cost: 0.30994
[32m[0327 14:42:31 @base.py:275][0m Start Epoch 4 ...
[32m[0327 14:44:24 @base.py:285][0m Epoch 4 (global_step 2000) finished, time:1 minute 53 seconds.
[32m[0327 14:44:24 @graph.py:73][0m Running Op sync_variables/sync_variables_from_main_tower ...
[32m[0327 14:44:24 @misc.py:109][0m Estimated Time Left: 6 days 1 hour 54 minutes 30 seconds
[32m[0327 14:44:24 @monitor.py:467][0m PeakMemory(MB)/gpu:0: 6778.1
[32m[0327 14:44:24 @monitor.py:467][0m QueueInput/queue_size: 50
[32m[0327 14:44:24 @monitor.py:467][0m fastrcnn_losses/box_loss: 0.12072
[32m[0327 14:44:24 @monitor.py:467][0m fastrcnn_losses/label_loss: 0.11385
[32m[0327 14:44:24 @monitor.py:467][0m fastrcnn_losses/label_metrics/accuracy: 0.95844
[32m[0327 14:44:24 @monitor.py:467][0m fastrcnn_losses/label_metrics/false_negative: 0.10919
[32m[0327 14:44:24 @monitor.py:467][0m fastrcnn_losses/label_metrics/fg_accuracy: 0.88751
[32m[0327 14:44:24 @monitor.py:467][0m fastrcnn_losses/num_fg_label: 42.15
[32m[0327 14:44:24 @monitor.py:467][0m learning_rate: 0.01
[32m[0327 14:44:24 @monitor.py:467][0m rpn_losses/box_loss: 0.011422
[32m[0327 14:44:24 @monitor.py:467][0m rpn_losses/label_loss: 0.030492
[32m[0327 14:44:24 @monitor.py:467][0m rpn_losses/label_metrics/precision_th0.1: 0.67874
[32m[0327 14:44:24 @monitor.py:467][0m rpn_losses/label_metrics/precision_th0.2: 0.78703
[32m[0327 14:44:24 @monitor.py:467][0m rpn_losses/label_metrics/precision_th0.5: 0.87226
[32m[0327 14:44:24 @monitor.py:467][0m rpn_losses/label_metrics/recall_th0.1: 0.9882
[32m[0327 14:44:24 @monitor.py:467][0m rpn_losses/label_metrics/recall_th0.2: 0.96958
[32m[0327 14:44:24 @monitor.py:467][0m rpn_losses/label_metrics/recall_th0.5: 0.8216
[32m[0327 14:44:24 @monitor.py:467][0m rpn_losses/num_pos_anchor: 13.902
[32m[0327 14:44:24 @monitor.py:467][0m rpn_losses/num_valid_anchor: 256
[32m[0327 14:44:24 @monitor.py:467][0m sample_fast_rcnn_targets/num_bg: 213.85
[32m[0327 14:44:24 @monitor.py:467][0m sample_fast_rcnn_targets/num_fg: 42.15
[32m[0327 14:44:24 @monitor.py:467][0m sample_fast_rcnn_targets/proposal_metrics/best_iou_per_gt: 0.79705
[32m[0327 14:44:24 @monitor.py:467][0m sample_fast_rcnn_targets/proposal_metrics/recall_iou0.3: 1
[32m[0327 14:44:24 @monitor.py:467][0m sample_fast_rcnn_targets/proposal_metrics/recall_iou0.5: 1
[32m[0327 14:44:24 @monitor.py:467][0m total_cost: 0.58616
[32m[0327 14:44:24 @monitor.py:467][0m wd_cost: 0.30968
[32m[0327 14:44:24 @base.py:275][0m Start Epoch 5 ...
[32m[0327 14:46:18 @base.py:285][0m Epoch 5 (global_step 2500) finished, time:1 minute 53 seconds.
[32m[0327 14:46:18 @graph.py:73][0m Running Op sync_variables/sync_variables_from_main_tower ...
[32m[0327 14:46:19 @saver.py:79][0m Model saved to models/frcnn/model-2500.
[32m[0327 14:46:19 @misc.py:109][0m Estimated Time Left: 5 days 23 hours 25 minutes 25 seconds
[32m[0327 14:46:19 @eval.py:258][0m Running evaluation ...
[32m[0327 14:47:08 @monitor.py:467][0m AP/": 0
[32m[0327 14:47:08 @monitor.py:467][0m AP/.: 0.55409
[32m[0327 14:47:08 @monitor.py:467][0m AP/0: 0.59583
[32m[0327 14:47:08 @monitor.py:467][0m AP/1: 0.6129
[32m[0327 14:47:08 @monitor.py:467][0m AP/2: 0.60861
[32m[0327 14:47:08 @monitor.py:467][0m AP/3: 0.68048
[32m[0327 14:47:08 @monitor.py:467][0m AP/4: 0.58748
[32m[0327 14:47:08 @monitor.py:467][0m AP/5: 0.60999
[32m[0327 14:47:08 @monitor.py:467][0m AP/6: 0.53547
[32m[0327 14:47:08 @monitor.py:467][0m AP/7: 0.52359
[32m[0327 14:47:08 @monitor.py:467][0m AP/8: 0.5625
[32m[0327 14:47:08 @monitor.py:467][0m AP/9: 0.50769
[32m[0327 14:47:08 @monitor.py:467][0m PeakMemory(MB)/gpu:0: 6778.1
[32m[0327 14:47:08 @monitor.py:467][0m QueueInput/queue_size: 50
[32m[0327 14:47:08 @monitor.py:467][0m fastrcnn_losses/box_loss: 0.1278
[32m[0327 14:47:08 @monitor.py:467][0m fastrcnn_losses/label_loss: 0.11495
[32m[0327 14:47:08 @monitor.py:467][0m fastrcnn_losses/label_metrics/accuracy: 0.95895
[32m[0327 14:47:08 @monitor.py:467][0m fastrcnn_losses/label_metrics/false_negative: 0.085809
[32m[0327 14:47:08 @monitor.py:467][0m fastrcnn_losses/label_metrics/fg_accuracy: 0.91395
[32m[0327 14:47:08 @monitor.py:467][0m fastrcnn_losses/num_fg_label: 48.142
[32m[0327 14:47:08 @monitor.py:467][0m learning_rate: 0.01
[32m[0327 14:47:08 @monitor.py:467][0m mAP: 0.53155
[32m[0327 14:47:08 @monitor.py:467][0m precision/": 0
[32m[0327 14:47:08 @monitor.py:467][0m precision/.: 0
[32m[0327 14:47:08 @monitor.py:467][0m precision/0: 0
[32m[0327 14:47:08 @monitor.py:467][0m precision/1: 0
[32m[0327 14:47:08 @monitor.py:467][0m precision/2: 0
[32m[0327 14:47:08 @monitor.py:467][0m precision/3: 0
[32m[0327 14:47:08 @monitor.py:467][0m precision/4: 0
[32m[0327 14:47:08 @monitor.py:467][0m precision/5: 0
[32m[0327 14:47:08 @monitor.py:467][0m precision/6: 0
[32m[0327 14:47:08 @monitor.py:467][0m precision/7: 0
[32m[0327 14:47:08 @monitor.py:467][0m precision/8: 0
[32m[0327 14:47:08 @monitor.py:467][0m precision/9: 0
[32m[0327 14:47:08 @monitor.py:467][0m recall/": 0
[32m[0327 14:47:08 @monitor.py:467][0m recall/.: 0
[32m[0327 14:47:08 @monitor.py:467][0m recall/0: 0
[32m[0327 14:47:08 @monitor.py:467][0m recall/1: 0
[32m[0327 14:47:08 @monitor.py:467][0m recall/2: 0
[32m[0327 14:47:08 @monitor.py:467][0m recall/3: 0
[32m[0327 14:47:08 @monitor.py:467][0m recall/4: 0
[32m[0327 14:47:08 @monitor.py:467][0m recall/5: 0
[32m[0327 14:47:08 @monitor.py:467][0m recall/6: 0
[32m[0327 14:47:08 @monitor.py:467][0m recall/7: 0
[32m[0327 14:47:08 @monitor.py:467][0m recall/8: 0
[32m[0327 14:47:08 @monitor.py:467][0m recall/9: 0
[32m[0327 14:47:08 @monitor.py:467][0m rpn_losses/box_loss: 0.0072708
[32m[0327 14:47:08 @monitor.py:467][0m rpn_losses/label_loss: 0.027275
[32m[0327 14:47:08 @monitor.py:467][0m rpn_losses/label_metrics/precision_th0.1: 0.74852
[32m[0327 14:47:08 @monitor.py:467][0m rpn_losses/label_metrics/precision_th0.2: 0.80676
[32m[0327 14:47:08 @monitor.py:467][0m rpn_losses/label_metrics/precision_th0.5: 0.85716
[32m[0327 14:47:08 @monitor.py:467][0m rpn_losses/label_metrics/recall_th0.1: 0.96257
[32m[0327 14:47:08 @monitor.py:467][0m rpn_losses/label_metrics/recall_th0.2: 0.92638
[32m[0327 14:47:08 @monitor.py:467][0m rpn_losses/label_metrics/recall_th0.5: 0.8738
[32m[0327 14:47:08 @monitor.py:467][0m rpn_losses/num_pos_anchor: 14.468
[32m[0327 14:47:08 @monitor.py:467][0m rpn_losses/num_valid_anchor: 256
[32m[0327 14:47:08 @monitor.py:467][0m sample_fast_rcnn_targets/num_bg: 207.86
[32m[0327 14:47:08 @monitor.py:467][0m sample_fast_rcnn_targets/num_fg: 48.142
[32m[0327 14:47:08 @monitor.py:467][0m sample_fast_rcnn_targets/proposal_metrics/best_iou_per_gt: 0.79848
[32m[0327 14:47:08 @monitor.py:467][0m sample_fast_rcnn_targets/proposal_metrics/recall_iou0.3: 1
[32m[0327 14:47:08 @monitor.py:467][0m sample_fast_rcnn_targets/proposal_metrics/recall_iou0.5: 1
[32m[0327 14:47:08 @monitor.py:467][0m total_cost: 0.58669
[32m[0327 14:47:08 @monitor.py:467][0m wd_cost: 0.3094
[32m[0327 14:47:08 @group.py:48][0m Callbacks took 50.573 sec in total. EvalCallback: 49.5 seconds
[32m[0327 14:47:08 @base.py:275][0m Start Epoch 6 ...
[32m[0327 14:49:02 @base.py:285][0m Epoch 6 (global_step 3000) finished, time:1 minute 53 seconds.
[32m[0327 14:49:02 @graph.py:73][0m Running Op sync_variables/sync_variables_from_main_tower ...
[32m[0327 14:49:02 @misc.py:109][0m Estimated Time Left: 5 days 23 hours 23 minutes 30 seconds
[32m[0327 14:49:02 @monitor.py:467][0m PeakMemory(MB)/gpu:0: 11273
[32m[0327 14:49:02 @monitor.py:467][0m QueueInput/queue_size: 50
[32m[0327 14:49:02 @monitor.py:467][0m fastrcnn_losses/box_loss: 0.099465
[32m[0327 14:49:02 @monitor.py:467][0m fastrcnn_losses/label_loss: 0.10752
[32m[0327 14:49:02 @monitor.py:467][0m fastrcnn_losses/label_metrics/accuracy: 0.96026
[32m[0327 14:49:02 @monitor.py:467][0m fastrcnn_losses/label_metrics/false_negative: 0.072241
[32m[0327 14:49:02 @monitor.py:467][0m fastrcnn_losses/label_metrics/fg_accuracy: 0.90676
[32m[0327 14:49:02 @monitor.py:467][0m fastrcnn_losses/num_fg_label: 49.804
[32m[0327 14:49:02 @monitor.py:467][0m learning_rate: 0.01
[32m[0327 14:49:02 @monitor.py:467][0m rpn_losses/box_loss: 0.031808
[32m[0327 14:49:02 @monitor.py:467][0m rpn_losses/label_loss: 0.02214
[32m[0327 14:49:02 @monitor.py:467][0m rpn_losses/label_metrics/precision_th0.1: 0.82628
[32m[0327 14:49:02 @monitor.py:467][0m rpn_losses/label_metrics/precision_th0.2: 0.89138
[32m[0327 14:49:02 @monitor.py:467][0m rpn_losses/label_metrics/precision_th0.5: 0.93855
[32m[0327 14:49:02 @monitor.py:467][0m rpn_losses/label_metrics/recall_th0.1: 0.99081
[32m[0327 14:49:02 @monitor.py:467][0m rpn_losses/label_metrics/recall_th0.2: 0.97647
[32m[0327 14:49:02 @monitor.py:467][0m rpn_losses/label_metrics/recall_th0.5: 0.94037
[32m[0327 14:49:02 @monitor.py:467][0m rpn_losses/num_pos_anchor: 17.493
[32m[0327 14:49:02 @monitor.py:467][0m rpn_losses/num_valid_anchor: 256
[32m[0327 14:49:02 @monitor.py:467][0m sample_fast_rcnn_targets/num_bg: 206.2
[32m[0327 14:49:02 @monitor.py:467][0m sample_fast_rcnn_targets/num_fg: 49.804
[32m[0327 14:49:02 @monitor.py:467][0m sample_fast_rcnn_targets/proposal_metrics/best_iou_per_gt: 0.82034
[32m[0327 14:49:02 @monitor.py:467][0m sample_fast_rcnn_targets/proposal_metrics/recall_iou0.3: 1
[32m[0327 14:49:02 @monitor.py:467][0m sample_fast_rcnn_targets/proposal_metrics/recall_iou0.5: 1
[32m[0327 14:49:02 @monitor.py:467][0m total_cost: 0.57003
[32m[0327 14:49:02 @monitor.py:467][0m wd_cost: 0.30911
[32m[0327 14:49:02 @base.py:275][0m Start Epoch 7 ...
[32m[0327 14:50:54 @base.py:285][0m Epoch 7 (global_step 3500) finished, time:1 minute 52 seconds.
[32m[0327 14:50:54 @graph.py:73][0m Running Op sync_variables/sync_variables_from_main_tower ...
[32m[0327 14:50:54 @misc.py:109][0m Estimated Time Left: 5 days 22 hours 9 minutes 16 seconds
[32m[0327 14:50:54 @monitor.py:467][0m PeakMemory(MB)/gpu:0: 11273
[32m[0327 14:50:54 @monitor.py:467][0m QueueInput/queue_size: 50
[32m[0327 14:50:54 @monitor.py:467][0m fastrcnn_losses/box_loss: 0.092059
[32m[0327 14:50:54 @monitor.py:467][0m fastrcnn_losses/label_loss: 0.09288
[32m[0327 14:50:54 @monitor.py:467][0m fastrcnn_losses/label_metrics/accuracy: 0.96639
[32m[0327 14:50:54 @monitor.py:467][0m fastrcnn_losses/label_metrics/false_negative: 0.050825
[32m[0327 14:50:54 @monitor.py:467][0m fastrcnn_losses/label_metrics/fg_accuracy: 0.94863
[32m[0327 14:50:54 @monitor.py:467][0m fastrcnn_losses/num_fg_label: 46.434
[32m[0327 14:50:54 @monitor.py:467][0m learning_rate: 0.01
[32m[0327 14:50:54 @monitor.py:467][0m rpn_losses/box_loss: 0.0056371
[32m[0327 14:50:54 @monitor.py:467][0m rpn_losses/label_loss: 0.017971
[32m[0327 14:50:54 @monitor.py:467][0m rpn_losses/label_metrics/precision_th0.1: 0.80266
[32m[0327 14:50:54 @monitor.py:467][0m rpn_losses/label_metrics/precision_th0.2: 0.86923
[32m[0327 14:50:54 @monitor.py:467][0m rpn_losses/label_metrics/precision_th0.5: 0.8956
[32m[0327 14:50:54 @monitor.py:467][0m rpn_losses/label_metrics/recall_th0.1: 0.99954
[32m[0327 14:50:54 @monitor.py:467][0m rpn_losses/label_metrics/recall_th0.2: 0.98765
[32m[0327 14:50:54 @monitor.py:467][0m rpn_losses/label_metrics/recall_th0.5: 0.89904
[32m[0327 14:50:54 @monitor.py:467][0m rpn_losses/num_pos_anchor: 15.973
[32m[0327 14:50:54 @monitor.py:467][0m rpn_losses/num_valid_anchor: 256
[32m[0327 14:50:54 @monitor.py:467][0m sample_fast_rcnn_targets/num_bg: 209.57
[32m[0327 14:50:54 @monitor.py:467][0m sample_fast_rcnn_targets/num_fg: 46.434
[32m[0327 14:50:54 @monitor.py:467][0m sample_fast_rcnn_targets/proposal_metrics/best_iou_per_gt: 0.8204
[32m[0327 14:50:54 @monitor.py:467][0m sample_fast_rcnn_targets/proposal_metrics/recall_iou0.3: 1
[32m[0327 14:50:54 @monitor.py:467][0m sample_fast_rcnn_targets/proposal_metrics/recall_iou0.5: 0.99997
[32m[0327 14:50:54 @monitor.py:467][0m total_cost: 0.51735
[32m[0327 14:50:54 @monitor.py:467][0m wd_cost: 0.3088
[32m[0327 14:50:54 @base.py:275][0m Start Epoch 8 ...
[32m[0327 14:52:48 @base.py:285][0m Epoch 8 (global_step 4000) finished, time:1 minute 53 seconds.
[32m[0327 14:52:48 @graph.py:73][0m Running Op sync_variables/sync_variables_from_main_tower ...
[32m[0327 14:52:48 @misc.py:109][0m Estimated Time Left: 5 days 21 hours 10 minutes 37 seconds
[32m[0327 14:52:48 @monitor.py:467][0m PeakMemory(MB)/gpu:0: 11273
[32m[0327 14:52:48 @monitor.py:467][0m QueueInput/queue_size: 50
[32m[0327 14:52:48 @monitor.py:467][0m fastrcnn_losses/box_loss: 0.099367
[32m[0327 14:52:48 @monitor.py:467][0m fastrcnn_losses/label_loss: 0.09928
[32m[0327 14:52:48 @monitor.py:467][0m fastrcnn_losses/label_metrics/accuracy: 0.9649
[32m[0327 14:52:48 @monitor.py:467][0m fastrcnn_losses/label_metrics/false_negative: 0.063498
[32m[0327 14:52:48 @monitor.py:467][0m fastrcnn_losses/label_metrics/fg_accuracy: 0.93649
[32m[0327 14:52:48 @monitor.py:467][0m fastrcnn_losses/num_fg_label: 49.381
[32m[0327 14:52:48 @monitor.py:467][0m learning_rate: 0.01
[32m[0327 14:52:48 @monitor.py:467][0m rpn_losses/box_loss: 0.012043
[32m[0327 14:52:48 @monitor.py:467][0m rpn_losses/label_loss: 0.022347
[32m[0327 14:52:48 @monitor.py:467][0m rpn_losses/label_metrics/precision_th0.1: 0.80584
[32m[0327 14:52:48 @monitor.py:467][0m rpn_losses/label_metrics/precision_th0.2: 0.852
[32m[0327 14:52:48 @monitor.py:467][0m rpn_losses/label_metrics/precision_th0.5: 0.91167
[32m[0327 14:52:48 @monitor.py:467][0m rpn_losses/label_metrics/recall_th0.1: 0.98888
[32m[0327 14:52:48 @monitor.py:467][0m rpn_losses/label_metrics/recall_th0.2: 0.97508
[32m[0327 14:52:48 @monitor.py:467][0m rpn_losses/label_metrics/recall_th0.5: 0.93641
[32m[0327 14:52:48 @monitor.py:467][0m rpn_losses/num_pos_anchor: 16.349
[32m[0327 14:52:48 @monitor.py:467][0m rpn_losses/num_valid_anchor: 256
[32m[0327 14:52:48 @monitor.py:467][0m sample_fast_rcnn_targets/num_bg: 206.62
[32m[0327 14:52:48 @monitor.py:467][0m sample_fast_rcnn_targets/num_fg: 49.381
[32m[0327 14:52:48 @monitor.py:467][0m sample_fast_rcnn_targets/proposal_metrics/best_iou_per_gt: 0.82429
[32m[0327 14:52:48 @monitor.py:467][0m sample_fast_rcnn_targets/proposal_metrics/recall_iou0.3: 1
[32m[0327 14:52:48 @monitor.py:467][0m sample_fast_rcnn_targets/proposal_metrics/recall_iou0.5: 1
[32m[0327 14:52:48 @monitor.py:467][0m total_cost: 0.54154
[32m[0327 14:52:48 @monitor.py:467][0m wd_cost: 0.3085
[32m[0327 14:52:48 @base.py:275][0m Start Epoch 9 ...
[32m[0327 14:54:41 @base.py:285][0m Epoch 9 (global_step 4500) finished, time:1 minute 52 seconds.
[32m[0327 14:54:41 @graph.py:73][0m Running Op sync_variables/sync_variables_from_main_tower ...
[32m[0327 14:54:41 @misc.py:109][0m Estimated Time Left: 5 days 21 hours 8 minutes 43 seconds
[32m[0327 14:54:41 @monitor.py:467][0m PeakMemory(MB)/gpu:0: 11273
[32m[0327 14:54:41 @monitor.py:467][0m QueueInput/queue_size: 50
[32m[0327 14:54:41 @monitor.py:467][0m fastrcnn_losses/box_loss: 0.06017
[32m[0327 14:54:41 @monitor.py:467][0m fastrcnn_losses/label_loss: 0.092609
[32m[0327 14:54:41 @monitor.py:467][0m fastrcnn_losses/label_metrics/accuracy: 0.96615
[32m[0327 14:54:41 @monitor.py:467][0m fastrcnn_losses/label_metrics/false_negative: 0.056201
[32m[0327 14:54:41 @monitor.py:467][0m fastrcnn_losses/label_metrics/fg_accuracy: 0.94363
[32m[0327 14:54:41 @monitor.py:467][0m fastrcnn_losses/num_fg_label: 49.136
[32m[0327 14:54:41 @monitor.py:467][0m learning_rate: 0.01
[32m[0327 14:54:41 @monitor.py:467][0m rpn_losses/box_loss: 0.0035676
[32m[0327 14:54:41 @monitor.py:467][0m rpn_losses/label_loss: 0.018195
[32m[0327 14:54:41 @monitor.py:467][0m rpn_losses/label_metrics/precision_th0.1: 0.82513
[32m[0327 14:54:41 @monitor.py:467][0m rpn_losses/label_metrics/precision_th0.2: 0.86239
[32m[0327 14:54:41 @monitor.py:467][0m rpn_losses/label_metrics/precision_th0.5: 0.91894
[32m[0327 14:54:41 @monitor.py:467][0m rpn_losses/label_metrics/recall_th0.1: 0.9927
[32m[0327 14:54:41 @monitor.py:467][0m rpn_losses/label_metrics/recall_th0.2: 0.9906
[32m[0327 14:54:41 @monitor.py:467][0m rpn_losses/label_metrics/recall_th0.5: 0.96319
[32m[0327 14:54:41 @monitor.py:467][0m rpn_losses/num_pos_anchor: 12.947
[32m[0327 14:54:41 @monitor.py:467][0m rpn_losses/num_valid_anchor: 256
[32m[0327 14:54:41 @monitor.py:467][0m sample_fast_rcnn_targets/num_bg: 206.86
[32m[0327 14:54:41 @monitor.py:467][0m sample_fast_rcnn_targets/num_fg: 49.136
[32m[0327 14:54:41 @monitor.py:467][0m sample_fast_rcnn_targets/proposal_metrics/best_iou_per_gt: 0.82271
[32m[0327 14:54:41 @monitor.py:467][0m sample_fast_rcnn_targets/proposal_metrics/recall_iou0.3: 1
[32m[0327 14:54:41 @monitor.py:467][0m sample_fast_rcnn_targets/proposal_metrics/recall_iou0.5: 1
[32m[0327 14:54:41 @monitor.py:467][0m total_cost: 0.48274
[32m[0327 14:54:41 @monitor.py:467][0m wd_cost: 0.3082
[32m[0327 14:54:41 @base.py:275][0m Start Epoch 10 ...
[32m[0327 14:56:34 @base.py:285][0m Epoch 10 (global_step 5000) finished, time:1 minute 53 seconds.
[32m[0327 14:56:34 @graph.py:73][0m Running Op sync_variables/sync_variables_from_main_tower ...
[32m[0327 14:56:34 @saver.py:79][0m Model saved to models/frcnn/model-5000.
[32m[0327 14:56:34 @misc.py:109][0m Estimated Time Left: 5 days 20 hours 49 minutes 4 seconds
[32m[0327 14:56:34 @eval.py:258][0m Running evaluation ...
[32m[0327 14:57:18 @monitor.py:467][0m AP/": 0
[32m[0327 14:57:18 @monitor.py:467][0m AP/.: 0.55521
[32m[0327 14:57:18 @monitor.py:467][0m AP/0: 0.59888
[32m[0327 14:57:18 @monitor.py:467][0m AP/1: 0.64924
[32m[0327 14:57:18 @monitor.py:467][0m AP/2: 0.59835
[32m[0327 14:57:18 @monitor.py:467][0m AP/3: 0.68113
[32m[0327 14:57:18 @monitor.py:467][0m AP/4: 0.59135
[32m[0327 14:57:18 @monitor.py:467][0m AP/5: 0.61037
[32m[0327 14:57:18 @monitor.py:467][0m AP/6: 0.55503
[32m[0327 14:57:18 @monitor.py:467][0m AP/7: 0.525
[32m[0327 14:57:18 @monitor.py:467][0m AP/8: 0.5625
[32m[0327 14:57:18 @monitor.py:467][0m AP/9: 0.50769
[32m[0327 14:57:18 @monitor.py:467][0m PeakMemory(MB)/gpu:0: 11273
[32m[0327 14:57:18 @monitor.py:467][0m QueueInput/queue_size: 50
[32m[0327 14:57:18 @monitor.py:467][0m fastrcnn_losses/box_loss: 0.074077
[32m[0327 14:57:18 @monitor.py:467][0m fastrcnn_losses/label_loss: 0.093406
[32m[0327 14:57:18 @monitor.py:467][0m fastrcnn_losses/label_metrics/accuracy: 0.96402
[32m[0327 14:57:18 @monitor.py:467][0m fastrcnn_losses/label_metrics/false_negative: 0.092241
[32m[0327 14:57:18 @monitor.py:467][0m fastrcnn_losses/label_metrics/fg_accuracy: 0.90776
[32m[0327 14:57:18 @monitor.py:467][0m fastrcnn_losses/num_fg_label: 49.005
[32m[0327 14:57:18 @monitor.py:467][0m learning_rate: 0.01
[32m[0327 14:57:18 @monitor.py:467][0m mAP: 0.53623
[32m[0327 14:57:18 @monitor.py:467][0m precision/": 0
[32m[0327 14:57:18 @monitor.py:467][0m precision/.: 0
[32m[0327 14:57:18 @monitor.py:467][0m precision/0: 0
[32m[0327 14:57:18 @monitor.py:467][0m precision/1: 0
[32m[0327 14:57:18 @monitor.py:467][0m precision/2: 0
[32m[0327 14:57:18 @monitor.py:467][0m precision/3: 0
[32m[0327 14:57:18 @monitor.py:467][0m precision/4: 0
[32m[0327 14:57:18 @monitor.py:467][0m precision/5: 0
[32m[0327 14:57:18 @monitor.py:467][0m precision/6: 0
[32m[0327 14:57:18 @monitor.py:467][0m precision/7: 0
[32m[0327 14:57:18 @monitor.py:467][0m precision/8: 0
[32m[0327 14:57:18 @monitor.py:467][0m precision/9: 0
[32m[0327 14:57:18 @monitor.py:467][0m recall/": 0
[32m[0327 14:57:18 @monitor.py:467][0m recall/.: 0
[32m[0327 14:57:18 @monitor.py:467][0m recall/0: 0
[32m[0327 14:57:18 @monitor.py:467][0m recall/1: 0
[32m[0327 14:57:18 @monitor.py:467][0m recall/2: 0
[32m[0327 14:57:18 @monitor.py:467][0m recall/3: 0
[32m[0327 14:57:18 @monitor.py:467][0m recall/4: 0
[32m[0327 14:57:18 @monitor.py:467][0m recall/5: 0
[32m[0327 14:57:18 @monitor.py:467][0m recall/6: 0
[32m[0327 14:57:18 @monitor.py:467][0m recall/7: 0
[32m[0327 14:57:18 @monitor.py:467][0m recall/8: 0
[32m[0327 14:57:18 @monitor.py:467][0m recall/9: 0
[32m[0327 14:57:18 @monitor.py:467][0m rpn_losses/box_loss: 0.0041844
[32m[0327 14:57:18 @monitor.py:467][0m rpn_losses/label_loss: 0.013455
[32m[0327 14:57:18 @monitor.py:467][0m rpn_losses/label_metrics/precision_th0.1: 0.84113
[32m[0327 14:57:18 @monitor.py:467][0m rpn_losses/label_metrics/precision_th0.2: 0.89737
[32m[0327 14:57:18 @monitor.py:467][0m rpn_losses/label_metrics/precision_th0.5: 0.93383
[32m[0327 14:57:18 @monitor.py:467][0m rpn_losses/label_metrics/recall_th0.1: 0.99699
[32m[0327 14:57:18 @monitor.py:467][0m rpn_losses/label_metrics/recall_th0.2: 0.99089
[32m[0327 14:57:18 @monitor.py:467][0m rpn_losses/label_metrics/recall_th0.5: 0.97098
[32m[0327 14:57:18 @monitor.py:467][0m rpn_losses/num_pos_anchor: 13.234
[32m[0327 14:57:18 @monitor.py:467][0m rpn_losses/num_valid_anchor: 256
[32m[0327 14:57:18 @monitor.py:467][0m sample_fast_rcnn_targets/num_bg: 207
[32m[0327 14:57:18 @monitor.py:467][0m sample_fast_rcnn_targets/num_fg: 49.005
[32m[0327 14:57:18 @monitor.py:467][0m sample_fast_rcnn_targets/proposal_metrics/best_iou_per_gt: 0.82848
[32m[0327 14:57:18 @monitor.py:467][0m sample_fast_rcnn_targets/proposal_metrics/recall_iou0.3: 1
[32m[0327 14:57:18 @monitor.py:467][0m sample_fast_rcnn_targets/proposal_metrics/recall_iou0.5: 1
[32m[0327 14:57:18 @monitor.py:467][0m total_cost: 0.493
[32m[0327 14:57:18 @monitor.py:467][0m wd_cost: 0.30788
[32m[0327 14:57:18 @group.py:48][0m Callbacks took 44.465 sec in total. EvalCallback: 44.1 seconds
[32m[0327 14:57:18 @base.py:275][0m Start Epoch 11 ...
[32m[0327 14:59:12 @base.py:285][0m Epoch 11 (global_step 5500) finished, time:1 minute 53 seconds.
[32m[0327 14:59:12 @graph.py:73][0m Running Op sync_variables/sync_variables_from_main_tower ...
[32m[0327 14:59:12 @misc.py:109][0m Estimated Time Left: 5 days 20 hours 47 minutes 11 seconds
[32m[0327 14:59:12 @monitor.py:467][0m PeakMemory(MB)/gpu:0: 11273
[32m[0327 14:59:12 @monitor.py:467][0m QueueInput/queue_size: 50
[32m[0327 14:59:12 @monitor.py:467][0m fastrcnn_losses/box_loss: 0.078375
[32m[0327 14:59:12 @monitor.py:467][0m fastrcnn_losses/label_loss: 0.092391
[32m[0327 14:59:12 @monitor.py:467][0m fastrcnn_losses/label_metrics/accuracy: 0.96647
[32m[0327 14:59:12 @monitor.py:467][0m fastrcnn_losses/label_metrics/false_negative: 0.06054
[32m[0327 14:59:12 @monitor.py:467][0m fastrcnn_losses/label_metrics/fg_accuracy: 0.9391
[32m[0327 14:59:12 @monitor.py:467][0m fastrcnn_losses/num_fg_label: 46.829
[32m[0327 14:59:12 @monitor.py:467][0m learning_rate: 0.01
[32m[0327 14:59:12 @monitor.py:467][0m rpn_losses/box_loss: 0.0040153
[32m[0327 14:59:12 @monitor.py:467][0m rpn_losses/label_loss: 0.016423
[32m[0327 14:59:12 @monitor.py:467][0m rpn_losses/label_metrics/precision_th0.1: 0.78128
[32m[0327 14:59:12 @monitor.py:467][0m rpn_losses/label_metrics/precision_th0.2: 0.82083
[32m[0327 14:59:12 @monitor.py:467][0m rpn_losses/label_metrics/precision_th0.5: 0.90418
[32m[0327 14:59:12 @monitor.py:467][0m rpn_losses/label_metrics/recall_th0.1: 0.9958
[32m[0327 14:59:12 @monitor.py:467][0m rpn_losses/label_metrics/recall_th0.2: 0.98651
[32m[0327 14:59:12 @monitor.py:467][0m rpn_losses/label_metrics/recall_th0.5: 0.96932
[32m[0327 14:59:12 @monitor.py:467][0m rpn_losses/num_pos_anchor: 12.543
[32m[0327 14:59:12 @monitor.py:467][0m rpn_losses/num_valid_anchor: 256
[32m[0327 14:59:12 @monitor.py:467][0m sample_fast_rcnn_targets/num_bg: 209.17
[32m[0327 14:59:12 @monitor.py:467][0m sample_fast_rcnn_targets/num_fg: 46.829
[32m[0327 14:59:12 @monitor.py:467][0m sample_fast_rcnn_targets/proposal_metrics/best_iou_per_gt: 0.81523
[32m[0327 14:59:12 @monitor.py:467][0m sample_fast_rcnn_targets/proposal_metrics/recall_iou0.3: 1
[32m[0327 14:59:12 @monitor.py:467][0m sample_fast_rcnn_targets/proposal_metrics/recall_iou0.5: 1
[32m[0327 14:59:12 @monitor.py:467][0m total_cost: 0.49878
[32m[0327 14:59:12 @monitor.py:467][0m wd_cost: 0.30757
[32m[0327 14:59:12 @base.py:275][0m Start Epoch 12 ...
[32m[0327 15:01:05 @base.py:285][0m Epoch 12 (global_step 6000) finished, time:1 minute 53 seconds.
[32m[0327 15:01:05 @graph.py:73][0m Running Op sync_variables/sync_variables_from_main_tower ...
[32m[0327 15:01:05 @misc.py:109][0m Estimated Time Left: 5 days 20 hours 45 minutes 18 seconds
[32m[0327 15:01:05 @monitor.py:467][0m PeakMemory(MB)/gpu:0: 11273
[32m[0327 15:01:05 @monitor.py:467][0m QueueInput/queue_size: 50
[32m[0327 15:01:05 @monitor.py:467][0m fastrcnn_losses/box_loss: 0.063451
[32m[0327 15:01:05 @monitor.py:467][0m fastrcnn_losses/label_loss: 0.087604
[32m[0327 15:01:05 @monitor.py:467][0m fastrcnn_losses/label_metrics/accuracy: 0.96813
[32m[0327 15:01:05 @monitor.py:467][0m fastrcnn_losses/label_metrics/false_negative: 0.054395
[32m[0327 15:01:05 @monitor.py:467][0m fastrcnn_losses/label_metrics/fg_accuracy: 0.9449
[32m[0327 15:01:05 @monitor.py:467][0m fastrcnn_losses/num_fg_label: 50.627
[32m[0327 15:01:05 @monitor.py:467][0m learning_rate: 0.01
[32m[0327 15:01:05 @monitor.py:467][0m rpn_losses/box_loss: 0.0057308
[32m[0327 15:01:05 @monitor.py:467][0m rpn_losses/label_loss: 0.013641
[32m[0327 15:01:05 @monitor.py:467][0m rpn_losses/label_metrics/precision_th0.1: 0.83608
[32m[0327 15:01:05 @monitor.py:467][0m rpn_losses/label_metrics/precision_th0.2: 0.88414
[32m[0327 15:01:05 @monitor.py:467][0m rpn_losses/label_metrics/precision_th0.5: 0.91931
[32m[0327 15:01:05 @monitor.py:467][0m rpn_losses/label_metrics/recall_th0.1: 0.99701
[32m[0327 15:01:05 @monitor.py:467][0m rpn_losses/label_metrics/recall_th0.2: 0.99681
[32m[0327 15:01:05 @monitor.py:467][0m rpn_losses/label_metrics/recall_th0.5: 0.9808
[32m[0327 15:01:05 @monitor.py:467][0m rpn_losses/num_pos_anchor: 14.885
[32m[0327 15:01:05 @monitor.py:467][0m rpn_losses/num_valid_anchor: 256
[32m[0327 15:01:05 @monitor.py:467][0m sample_fast_rcnn_targets/num_bg: 205.37
[32m[0327 15:01:05 @monitor.py:467][0m sample_fast_rcnn_targets/num_fg: 50.627
[32m[0327 15:01:05 @monitor.py:467][0m sample_fast_rcnn_targets/proposal_metrics/best_iou_per_gt: 0.83359
[32m[0327 15:01:05 @monitor.py:467][0m sample_fast_rcnn_targets/proposal_metrics/recall_iou0.3: 1
[32m[0327 15:01:05 @monitor.py:467][0m sample_fast_rcnn_targets/proposal_metrics/recall_iou0.5: 1
[32m[0327 15:01:05 @monitor.py:467][0m total_cost: 0.47769
[32m[0327 15:01:05 @monitor.py:467][0m wd_cost: 0.30726
[32m[0327 15:01:05 @base.py:275][0m Start Epoch 13 ...
[32m[0327 15:02:58 @base.py:285][0m Epoch 13 (global_step 6500) finished, time:1 minute 53 seconds.
[32m[0327 15:02:58 @graph.py:73][0m Running Op sync_variables/sync_variables_from_main_tower ...
[32m[0327 15:02:58 @misc.py:109][0m Estimated Time Left: 5 days 20 hours 43 minutes 24 seconds
[32m[0327 15:02:58 @monitor.py:467][0m PeakMemory(MB)/gpu:0: 11273
[32m[0327 15:02:58 @monitor.py:467][0m QueueInput/queue_size: 50
[32m[0327 15:02:58 @monitor.py:467][0m fastrcnn_losses/box_loss: 0.052532
[32m[0327 15:02:58 @monitor.py:467][0m fastrcnn_losses/label_loss: 0.076379
[32m[0327 15:02:58 @monitor.py:467][0m fastrcnn_losses/label_metrics/accuracy: 0.97106
[32m[0327 15:02:58 @monitor.py:467][0m fastrcnn_losses/label_metrics/false_negative: 0.058508
[32m[0327 15:02:58 @monitor.py:467][0m fastrcnn_losses/label_metrics/fg_accuracy: 0.94025
[32m[0327 15:02:58 @monitor.py:467][0m fastrcnn_losses/num_fg_label: 50.161
[32m[0327 15:02:58 @monitor.py:467][0m learning_rate: 0.01
[32m[0327 15:02:58 @monitor.py:467][0m rpn_losses/box_loss: 0.0045821
[32m[0327 15:02:58 @monitor.py:467][0m rpn_losses/label_loss: 0.012143
[32m[0327 15:02:58 @monitor.py:467][0m rpn_losses/label_metrics/precision_th0.1: 0.83347
[32m[0327 15:02:58 @monitor.py:467][0m rpn_losses/label_metrics/precision_th0.2: 0.86747
[32m[0327 15:02:58 @monitor.py:467][0m rpn_losses/label_metrics/precision_th0.5: 0.94612
[32m[0327 15:02:58 @monitor.py:467][0m rpn_losses/label_metrics/recall_th0.1: 0.9957
[32m[0327 15:02:58 @monitor.py:467][0m rpn_losses/label_metrics/recall_th0.2: 0.99278
[32m[0327 15:02:58 @monitor.py:467][0m rpn_losses/label_metrics/recall_th0.5: 0.98643
[32m[0327 15:02:58 @monitor.py:467][0m rpn_losses/num_pos_anchor: 12.216
[32m[0327 15:02:58 @monitor.py:467][0m rpn_losses/num_valid_anchor: 256
[32m[0327 15:02:58 @monitor.py:467][0m sample_fast_rcnn_targets/num_bg: 205.84
[32m[0327 15:02:58 @monitor.py:467][0m sample_fast_rcnn_targets/num_fg: 50.161
[32m[0327 15:02:58 @monitor.py:467][0m sample_fast_rcnn_targets/proposal_metrics/best_iou_per_gt: 0.83045
[32m[0327 15:02:58 @monitor.py:467][0m sample_fast_rcnn_targets/proposal_metrics/recall_iou0.3: 1
[32m[0327 15:02:58 @monitor.py:467][0m sample_fast_rcnn_targets/proposal_metrics/recall_iou0.5: 1
[32m[0327 15:02:58 @monitor.py:467][0m total_cost: 0.45259
[32m[0327 15:02:58 @monitor.py:467][0m wd_cost: 0.30696
[32m[0327 15:02:58 @base.py:275][0m Start Epoch 14 ...
[32m[0327 15:04:51 @base.py:285][0m Epoch 14 (global_step 7000) finished, time:1 minute 53 seconds.
[32m[0327 15:04:51 @graph.py:73][0m Running Op sync_variables/sync_variables_from_main_tower ...
[32m[0327 15:04:51 @misc.py:109][0m Estimated Time Left: 5 days 20 hours 41 minutes 31 seconds
[32m[0327 15:04:51 @monitor.py:467][0m PeakMemory(MB)/gpu:0: 11273
[32m[0327 15:04:51 @monitor.py:467][0m QueueInput/queue_size: 50
[32m[0327 15:04:51 @monitor.py:467][0m fastrcnn_losses/box_loss: 0.055324
[32m[0327 15:04:51 @monitor.py:467][0m fastrcnn_losses/label_loss: 0.09344
[32m[0327 15:04:51 @monitor.py:467][0m fastrcnn_losses/label_metrics/accuracy: 0.96565
[32m[0327 15:04:51 @monitor.py:467][0m fastrcnn_losses/label_metrics/false_negative: 0.053488
[32m[0327 15:04:51 @monitor.py:467][0m fastrcnn_losses/label_metrics/fg_accuracy: 0.94651
[32m[0327 15:04:51 @monitor.py:467][0m fastrcnn_losses/num_fg_label: 52.244
[32m[0327 15:04:51 @monitor.py:467][0m learning_rate: 0.01
[32m[0327 15:04:51 @monitor.py:467][0m rpn_losses/box_loss: 0.0067087
[32m[0327 15:04:51 @monitor.py:467][0m rpn_losses/label_loss: 0.013191
[32m[0327 15:04:51 @monitor.py:467][0m rpn_losses/label_metrics/precision_th0.1: 0.83615
[32m[0327 15:04:51 @monitor.py:467][0m rpn_losses/label_metrics/precision_th0.2: 0.89595
[32m[0327 15:04:51 @monitor.py:467][0m rpn_losses/label_metrics/precision_th0.5: 0.93725
[32m[0327 15:04:51 @monitor.py:467][0m rpn_losses/label_metrics/recall_th0.1: 0.99842
[32m[0327 15:04:51 @monitor.py:467][0m rpn_losses/label_metrics/recall_th0.2: 0.99787
[32m[0327 15:04:51 @monitor.py:467][0m rpn_losses/label_metrics/recall_th0.5: 0.98638
[32m[0327 15:04:51 @monitor.py:467][0m rpn_losses/num_pos_anchor: 14.534
[32m[0327 15:04:51 @monitor.py:467][0m rpn_losses/num_valid_anchor: 256
[32m[0327 15:04:51 @monitor.py:467][0m sample_fast_rcnn_targets/num_bg: 203.76
[32m[0327 15:04:51 @monitor.py:467][0m sample_fast_rcnn_targets/num_fg: 52.244
[32m[0327 15:04:51 @monitor.py:467][0m sample_fast_rcnn_targets/proposal_metrics/best_iou_per_gt: 0.82522
[32m[0327 15:04:51 @monitor.py:467][0m sample_fast_rcnn_targets/proposal_metrics/recall_iou0.3: 1
[32m[0327 15:04:51 @monitor.py:467][0m sample_fast_rcnn_targets/proposal_metrics/recall_iou0.5: 1
[32m[0327 15:04:51 @monitor.py:467][0m total_cost: 0.47532
[32m[0327 15:04:51 @monitor.py:467][0m wd_cost: 0.30665
[32m[0327 15:04:51 @base.py:275][0m Start Epoch 15 ...
[32m[0327 15:06:44 @base.py:285][0m Epoch 15 (global_step 7500) finished, time:1 minute 53 seconds.
[32m[0327 15:06:44 @graph.py:73][0m Running Op sync_variables/sync_variables_from_main_tower ...
[32m[0327 15:06:45 @saver.py:79][0m Model saved to models/frcnn/model-7500.
[32m[0327 15:06:45 @misc.py:109][0m Estimated Time Left: 5 days 20 hours 45 minutes 13 seconds
[32m[0327 15:06:45 @eval.py:258][0m Running evaluation ...
[32m[0327 15:07:29 @monitor.py:467][0m AP/": 0
[32m[0327 15:07:29 @monitor.py:467][0m AP/.: 0.55687
[32m[0327 15:07:29 @monitor.py:467][0m AP/0: 0.59876
[32m[0327 15:07:29 @monitor.py:467][0m AP/1: 0.63787
[32m[0327 15:07:29 @monitor.py:467][0m AP/2: 0.60287
[32m[0327 15:07:29 @monitor.py:467][0m AP/3: 0.68011
[32m[0327 15:07:29 @monitor.py:467][0m AP/4: 0.5889
[32m[0327 15:07:29 @monitor.py:467][0m AP/5: 0.6087
[32m[0327 15:07:29 @monitor.py:467][0m AP/6: 0.5423
[32m[0327 15:07:29 @monitor.py:467][0m AP/7: 0.52391
[32m[0327 15:07:29 @monitor.py:467][0m AP/8: 0.5625
[32m[0327 15:07:29 @monitor.py:467][0m AP/9: 0.50769
[32m[0327 15:07:29 @monitor.py:467][0m PeakMemory(MB)/gpu:0: 11273
[32m[0327 15:07:29 @monitor.py:467][0m QueueInput/queue_size: 50
[32m[0327 15:07:29 @monitor.py:467][0m fastrcnn_losses/box_loss: 0.042906
[32m[0327 15:07:29 @monitor.py:467][0m fastrcnn_losses/label_loss: 0.083265
[32m[0327 15:07:29 @monitor.py:467][0m fastrcnn_losses/label_metrics/accuracy: 0.96982
[32m[0327 15:07:29 @monitor.py:467][0m fastrcnn_losses/label_metrics/false_negative: 0.043068
[32m[0327 15:07:29 @monitor.py:467][0m fastrcnn_losses/label_metrics/fg_accuracy: 0.95688
[32m[0327 15:07:29 @monitor.py:467][0m fastrcnn_losses/num_fg_label: 50.475
[32m[0327 15:07:29 @monitor.py:467][0m learning_rate: 0.01
[32m[0327 15:07:29 @monitor.py:467][0m mAP: 0.53421
[32m[0327 15:07:29 @monitor.py:467][0m precision/": 0
[32m[0327 15:07:29 @monitor.py:467][0m precision/.: 0
[32m[0327 15:07:29 @monitor.py:467][0m precision/0: 0
[32m[0327 15:07:29 @monitor.py:467][0m precision/1: 0
[32m[0327 15:07:29 @monitor.py:467][0m precision/2: 0
[32m[0327 15:07:29 @monitor.py:467][0m precision/3: 0
[32m[0327 15:07:29 @monitor.py:467][0m precision/4: 0
[32m[0327 15:07:29 @monitor.py:467][0m precision/5: 0
[32m[0327 15:07:29 @monitor.py:467][0m precision/6: 0
[32m[0327 15:07:29 @monitor.py:467][0m precision/7: 0
[32m[0327 15:07:29 @monitor.py:467][0m precision/8: 0
[32m[0327 15:07:29 @monitor.py:467][0m precision/9: 0
[32m[0327 15:07:29 @monitor.py:467][0m recall/": 0
[32m[0327 15:07:29 @monitor.py:467][0m recall/.: 0
[32m[0327 15:07:29 @monitor.py:467][0m recall/0: 0
[32m[0327 15:07:29 @monitor.py:467][0m recall/1: 0
[32m[0327 15:07:29 @monitor.py:467][0m recall/2: 0
[32m[0327 15:07:29 @monitor.py:467][0m recall/3: 0
[32m[0327 15:07:29 @monitor.py:467][0m recall/4: 0
[32m[0327 15:07:29 @monitor.py:467][0m recall/5: 0
[32m[0327 15:07:29 @monitor.py:467][0m recall/6: 0
[32m[0327 15:07:29 @monitor.py:467][0m recall/7: 0
[32m[0327 15:07:29 @monitor.py:467][0m recall/8: 0
[32m[0327 15:07:29 @monitor.py:467][0m recall/9: 0
[32m[0327 15:07:29 @monitor.py:467][0m rpn_losses/box_loss: 0.0063772
[32m[0327 15:07:29 @monitor.py:467][0m rpn_losses/label_loss: 0.01565
[32m[0327 15:07:29 @monitor.py:467][0m rpn_losses/label_metrics/precision_th0.1: 0.84737
[32m[0327 15:07:29 @monitor.py:467][0m rpn_losses/label_metrics/precision_th0.2: 0.87762
[32m[0327 15:07:29 @monitor.py:467][0m rpn_losses/label_metrics/precision_th0.5: 0.91952
[32m[0327 15:07:29 @monitor.py:467][0m rpn_losses/label_metrics/recall_th0.1: 0.9934
[32m[0327 15:07:29 @monitor.py:467][0m rpn_losses/label_metrics/recall_th0.2: 0.99287
[32m[0327 15:07:29 @monitor.py:467][0m rpn_losses/label_metrics/recall_th0.5: 0.97176
[32m[0327 15:07:29 @monitor.py:467][0m rpn_losses/num_pos_anchor: 15.77
[32m[0327 15:07:29 @monitor.py:467][0m rpn_losses/num_valid_anchor: 256
[32m[0327 15:07:29 @monitor.py:467][0m sample_fast_rcnn_targets/num_bg: 205.52
[32m[0327 15:07:29 @monitor.py:467][0m sample_fast_rcnn_targets/num_fg: 50.475
[32m[0327 15:07:29 @monitor.py:467][0m sample_fast_rcnn_targets/proposal_metrics/best_iou_per_gt: 0.83422
[32m[0327 15:07:29 @monitor.py:467][0m sample_fast_rcnn_targets/proposal_metrics/recall_iou0.3: 1
[32m[0327 15:07:29 @monitor.py:467][0m sample_fast_rcnn_targets/proposal_metrics/recall_iou0.5: 1
[32m[0327 15:07:29 @monitor.py:467][0m total_cost: 0.45454
[32m[0327 15:07:29 @monitor.py:467][0m wd_cost: 0.30634
[32m[0327 15:07:29 @group.py:48][0m Callbacks took 44.500 sec in total. EvalCallback: 44.1 seconds
[32m[0327 15:07:29 @base.py:275][0m Start Epoch 16 ...
[32m[0327 15:07:36 @base.py:293][0m Detected Ctrl-C and exiting main loop.
[32m[0327 15:07:36 @input_source.py:178][0m EnqueueThread QueueInput/input_queue Exited.
